# JRE version: OpenJDK Runtime Environment Temurin-17.0.5+8 (17.0.5+8) (build 17.0.5+8)
# Java VM: OpenJDK 64-Bit Server VM Temurin-17.0.5+8 (17.0.5+8, mixed mode, tiered, compressed oops, compressed class ptrs, g1 gc, windows-amd64)
GC Precious Log:
 CPUs: 6 total, 6 available
 Memory: 16304M
 Large Page Support: Disabled
 NUMA Support: Disabled
 Compressed Oops: Enabled (Zero based)
 Heap Region Size: 2M
 Heap Min Capacity: 8M
 Heap Initial Capacity: 256M
 Heap Max Capacity: 4078M
 Pre-touch: Disabled
 Parallel Workers: 6
 Concurrent Workers: 2
 Concurrent Refinement Workers: 6
 Periodic GC: Disabled
Heap:
 garbage-first heap   total 262144K, used 34546K [0x0000000701200000, 0x0000000800000000)
  region size 2048K, 1 young (2048K), 1 survivors (2048K)
 Metaspace       used 13301K, committed 13504K, reserved 1064960K
  class space    used 1337K, committed 1472K, reserved 1048576K
GC Heap History (15 events):
Event: 0.633 GC heap before
{Heap before GC invocations=0 (full 0):
 garbage-first heap   total 262144K, used 45056K [0x0000000701200000, 0x0000000800000000)
  region size 2048K, 10 young (20480K), 0 survivors (0K)
 Metaspace       used 12565K, committed 12736K, reserved 1064960K
  class space    used 1257K, committed 1344K, reserved 1048576K
}
Event: 0.635 GC heap after
{Heap after GC invocations=1 (full 0):
 garbage-first heap   total 262144K, used 26240K [0x0000000701200000, 0x0000000800000000)
  region size 2048K, 1 young (2048K), 1 survivors (2048K)
 Metaspace       used 12565K, committed 12736K, reserved 1064960K
  class space    used 1257K, committed 1344K, reserved 1048576K
}
Event: 1.125 GC heap before
{Heap before GC invocations=1 (full 0):
 garbage-first heap   total 262144K, used 108160K [0x0000000701200000, 0x0000000800000000)
  region size 2048K, 17 young (34816K), 1 survivors (2048K)
 Metaspace       used 13249K, committed 13440K, reserved 1064960K
  class space    used 1337K, committed 1472K, reserved 1048576K
}
Event: 1.126 GC heap after
{Heap after GC invocations=2 (full 0):
 garbage-first heap   total 262144K, used 42748K [0x0000000701200000, 0x0000000800000000)
  region size 2048K, 1 young (2048K), 1 survivors (2048K)
 Metaspace       used 13249K, committed 13440K, reserved 1064960K
  class space    used 1337K, committed 1472K, reserved 1048576K
}
Event: 1.663 GC heap before
{Heap before GC invocations=2 (full 0):
 garbage-first heap   total 262144K, used 161532K [0x0000000701200000, 0x0000000800000000)
  region size 2048K, 24 young (49152K), 1 survivors (2048K)
 Metaspace       used 13272K, committed 13504K, reserved 1064960K
  class space    used 1337K, committed 1472K, reserved 1048576K
}
Event: 1.664 GC heap after
{Heap after GC invocations=3 (full 0):
 garbage-first heap   total 262144K, used 34448K [0x0000000701200000, 0x0000000800000000)
  region size 2048K, 1 young (2048K), 1 survivors (2048K)
 Metaspace       used 13272K, committed 13504K, reserved 1064960K
  class space    used 1337K, committed 1472K, reserved 1048576K
}
Event: 1.784 GC heap before
{Heap before GC invocations=3 (full 0):
 garbage-first heap   total 262144K, used 161424K [0x0000000701200000, 0x0000000800000000)
  region size 2048K, 24 young (49152K), 1 survivors (2048K)
 Metaspace       used 13275K, committed 13504K, reserved 1064960K
  class space    used 1337K, committed 1472K, reserved 1048576K
}
Event: 1.788 GC heap after
{Heap after GC invocations=4 (full 0):
 garbage-first heap   total 262144K, used 34511K [0x0000000701200000, 0x0000000800000000)
  region size 2048K, 1 young (2048K), 1 survivors (2048K)
 Metaspace       used 13275K, committed 13504K, reserved 1064960K
  class space    used 1337K, committed 1472K, reserved 1048576K
}
Event: 1.886 GC heap before
{Heap before GC invocations=4 (full 0):
 garbage-first heap   total 262144K, used 153295K [0x0000000701200000, 0x0000000800000000)
  region size 2048K, 24 young (49152K), 1 survivors (2048K)
 Metaspace       used 13282K, committed 13504K, reserved 1064960K
  class space    used 1337K, committed 1472K, reserved 1048576K
}
Event: 1.888 GC heap after
{Heap after GC invocations=5 (full 0):
 garbage-first heap   total 262144K, used 34523K [0x0000000701200000, 0x0000000800000000)
  region size 2048K, 1 young (2048K), 1 survivors (2048K)
 Metaspace       used 13282K, committed 13504K, reserved 1064960K
  class space    used 1337K, committed 1472K, reserved 1048576K
}
Event: 1.977 GC heap before
{Heap before GC invocations=5 (full 0):
 garbage-first heap   total 262144K, used 153307K [0x0000000701200000, 0x0000000800000000)
  region size 2048K, 24 young (49152K), 1 survivors (2048K)
 Metaspace       used 13283K, committed 13504K, reserved 1064960K
  class space    used 1337K, committed 1472K, reserved 1048576K
}
Event: 1.979 GC heap after
{Heap after GC invocations=6 (full 0):
 garbage-first heap   total 262144K, used 34632K [0x0000000701200000, 0x0000000800000000)
  region size 2048K, 1 young (2048K), 1 survivors (2048K)
 Metaspace       used 13283K, committed 13504K, reserved 1064960K
  class space    used 1337K, committed 1472K, reserved 1048576K
}
Event: 2.067 GC heap before
{Heap before GC invocations=6 (full 0):
 garbage-first heap   total 262144K, used 153416K [0x0000000701200000, 0x0000000800000000)
  region size 2048K, 24 young (49152K), 1 survivors (2048K)
 Metaspace       used 13295K, committed 13504K, reserved 1064960K
  class space    used 1337K, committed 1472K, reserved 1048576K
}
Event: 2.069 GC heap after
{Heap after GC invocations=7 (full 0):
 garbage-first heap   total 262144K, used 34543K [0x0000000701200000, 0x0000000800000000)
  region size 2048K, 1 young (2048K), 1 survivors (2048K)
 Metaspace       used 13295K, committed 13504K, reserved 1064960K
  class space    used 1337K, committed 1472K, reserved 1048576K
}
Event: 2.175 GC heap before
{Heap before GC invocations=7 (full 0):
 garbage-first heap   total 262144K, used 155375K [0x0000000701200000, 0x0000000800000000)
  region size 2048K, 25 young (51200K), 1 survivors (2048K)
 Metaspace       used 13301K, committed 13504K, reserved 1064960K
  class space    used 1337K, committed 1472K, reserved 1048576K
}

