# JRE version: OpenJDK Runtime Environment Temurin-17.0.5+8 (17.0.5+8) (build 17.0.5+8)
# Java VM: OpenJDK 64-Bit Server VM Temurin-17.0.5+8 (17.0.5+8, mixed mode, tiered, compressed oops, compressed class ptrs, g1 gc, windows-amd64)
GC Precious Log:
 CPUs: 6 total, 6 available
 Memory: 16304M
 Large Page Support: Disabled
 NUMA Support: Disabled
 Compressed Oops: Enabled (Zero based)
 Heap Region Size: 2M
 Heap Min Capacity: 8M
 Heap Initial Capacity: 256M
 Heap Max Capacity: 4078M
 Pre-touch: Disabled
 Parallel Workers: 6
 Concurrent Workers: 2
 Concurrent Refinement Workers: 6
 Periodic GC: Disabled
Heap:
 garbage-first heap   total 315392K, used 42752K [0x0000000701200000, 0x0000000800000000)
  region size 2048K, 1 young (2048K), 1 survivors (2048K)
 Metaspace       used 13378K, committed 13568K, reserved 1064960K
  class space    used 1343K, committed 1472K, reserved 1048576K
GC Heap History (20 events):
Event: 2.007 GC heap after
{Heap after GC invocations=3 (full 0):
 garbage-first heap   total 262144K, used 34498K [0x0000000701200000, 0x0000000800000000)
  region size 2048K, 1 young (2048K), 1 survivors (2048K)
 Metaspace       used 13306K, committed 13504K, reserved 1064960K
  class space    used 1343K, committed 1472K, reserved 1048576K
}
Event: 2.138 GC heap before
{Heap before GC invocations=3 (full 0):
 garbage-first heap   total 262144K, used 153282K [0x0000000701200000, 0x0000000800000000)
  region size 2048K, 24 young (49152K), 1 survivors (2048K)
 Metaspace       used 13309K, committed 13504K, reserved 1064960K
  class space    used 1343K, committed 1472K, reserved 1048576K
}
Event: 2.140 GC heap after
{Heap after GC invocations=4 (full 0):
 garbage-first heap   total 262144K, used 34499K [0x0000000701200000, 0x0000000800000000)
  region size 2048K, 1 young (2048K), 1 survivors (2048K)
 Metaspace       used 13309K, committed 13504K, reserved 1064960K
  class space    used 1343K, committed 1472K, reserved 1048576K
}
Event: 2.437 GC heap before
{Heap before GC invocations=4 (full 0):
 garbage-first heap   total 262144K, used 153283K [0x0000000701200000, 0x0000000800000000)
  region size 2048K, 24 young (49152K), 1 survivors (2048K)
 Metaspace       used 13315K, committed 13504K, reserved 1064960K
  class space    used 1343K, committed 1472K, reserved 1048576K
}
Event: 2.439 GC heap after
{Heap after GC invocations=5 (full 0):
 garbage-first heap   total 262144K, used 34521K [0x0000000701200000, 0x0000000800000000)
  region size 2048K, 1 young (2048K), 1 survivors (2048K)
 Metaspace       used 13315K, committed 13504K, reserved 1064960K
  class space    used 1343K, committed 1472K, reserved 1048576K
}
Event: 2.531 GC heap before
{Heap before GC invocations=5 (full 0):
 garbage-first heap   total 262144K, used 153305K [0x0000000701200000, 0x0000000800000000)
  region size 2048K, 24 young (49152K), 1 survivors (2048K)
 Metaspace       used 13321K, committed 13504K, reserved 1064960K
  class space    used 1343K, committed 1472K, reserved 1048576K
}
Event: 2.533 GC heap after
{Heap after GC invocations=6 (full 0):
 garbage-first heap   total 262144K, used 34569K [0x0000000701200000, 0x0000000800000000)
  region size 2048K, 1 young (2048K), 1 survivors (2048K)
 Metaspace       used 13321K, committed 13504K, reserved 1064960K
  class space    used 1343K, committed 1472K, reserved 1048576K
}
Event: 2.625 GC heap before
{Heap before GC invocations=6 (full 0):
 garbage-first heap   total 262144K, used 153353K [0x0000000701200000, 0x0000000800000000)
  region size 2048K, 24 young (49152K), 1 survivors (2048K)
 Metaspace       used 13332K, committed 13568K, reserved 1064960K
  class space    used 1343K, committed 1472K, reserved 1048576K
}
Event: 2.627 GC heap after
{Heap after GC invocations=7 (full 0):
 garbage-first heap   total 262144K, used 34561K [0x0000000701200000, 0x0000000800000000)
  region size 2048K, 1 young (2048K), 1 survivors (2048K)
 Metaspace       used 13332K, committed 13568K, reserved 1064960K
  class space    used 1343K, committed 1472K, reserved 1048576K
}
Event: 2.733 GC heap before
{Heap before GC invocations=7 (full 0):
 garbage-first heap   total 262144K, used 155393K [0x0000000701200000, 0x0000000800000000)
  region size 2048K, 25 young (51200K), 1 survivors (2048K)
 Metaspace       used 13335K, committed 13568K, reserved 1064960K
  class space    used 1343K, committed 1472K, reserved 1048576K
}
Event: 2.737 GC heap after
{Heap after GC invocations=8 (full 0):
 garbage-first heap   total 315392K, used 34486K [0x0000000701200000, 0x0000000800000000)
  region size 2048K, 1 young (2048K), 1 survivors (2048K)
 Metaspace       used 13335K, committed 13568K, reserved 1064960K
  class space    used 1343K, committed 1472K, reserved 1048576K
}
Event: 2.900 GC heap before
{Heap before GC invocations=8 (full 0):
 garbage-first heap   total 315392K, used 194230K [0x0000000701200000, 0x0000000800000000)
  region size 2048K, 32 young (65536K), 1 survivors (2048K)
 Metaspace       used 13345K, committed 13568K, reserved 1064960K
  class space    used 1343K, committed 1472K, reserved 1048576K
}
Event: 2.902 GC heap after
{Heap after GC invocations=9 (full 0):
 garbage-first heap   total 315392K, used 42649K [0x0000000701200000, 0x0000000800000000)
  region size 2048K, 1 young (2048K), 1 survivors (2048K)
 Metaspace       used 13345K, committed 13568K, reserved 1064960K
  class space    used 1343K, committed 1472K, reserved 1048576K
}
Event: 3.030 GC heap before
{Heap before GC invocations=9 (full 0):
 garbage-first heap   total 315392K, used 202393K [0x0000000701200000, 0x0000000800000000)
  region size 2048K, 32 young (65536K), 1 survivors (2048K)
 Metaspace       used 13350K, committed 13568K, reserved 1064960K
  class space    used 1343K, committed 1472K, reserved 1048576K
}
Event: 3.032 GC heap after
{Heap after GC invocations=10 (full 0):
 garbage-first heap   total 315392K, used 42710K [0x0000000701200000, 0x0000000800000000)
  region size 2048K, 1 young (2048K), 1 survivors (2048K)
 Metaspace       used 13350K, committed 13568K, reserved 1064960K
  class space    used 1343K, committed 1472K, reserved 1048576K
}
Event: 3.160 GC heap before
{Heap before GC invocations=10 (full 0):
 garbage-first heap   total 315392K, used 202454K [0x0000000701200000, 0x0000000800000000)
  region size 2048K, 32 young (65536K), 1 survivors (2048K)
 Metaspace       used 13361K, committed 13568K, reserved 1064960K
  class space    used 1343K, committed 1472K, reserved 1048576K
}
Event: 3.162 GC heap after
{Heap after GC invocations=11 (full 0):
 garbage-first heap   total 315392K, used 42701K [0x0000000701200000, 0x0000000800000000)
  region size 2048K, 1 young (2048K), 1 survivors (2048K)
 Metaspace       used 13361K, committed 13568K, reserved 1064960K
  class space    used 1343K, committed 1472K, reserved 1048576K
}
Event: 3.288 GC heap before
{Heap before GC invocations=11 (full 0):
 garbage-first heap   total 315392K, used 202445K [0x0000000701200000, 0x0000000800000000)
  region size 2048K, 32 young (65536K), 1 survivors (2048K)
 Metaspace       used 13369K, committed 13568K, reserved 1064960K
  class space    used 1343K, committed 1472K, reserved 1048576K
}
Event: 3.290 GC heap after
{Heap after GC invocations=12 (full 0):
 garbage-first heap   total 315392K, used 42716K [0x0000000701200000, 0x0000000800000000)
  region size 2048K, 1 young (2048K), 1 survivors (2048K)
 Metaspace       used 13369K, committed 13568K, reserved 1064960K
  class space    used 1343K, committed 1472K, reserved 1048576K
}
Event: 3.413 GC heap before
{Heap before GC invocations=12 (full 0):
 garbage-first heap   total 315392K, used 204508K [0x0000000701200000, 0x0000000800000000)
  region size 2048K, 33 young (67584K), 1 survivors (2048K)
 Metaspace       used 13378K, committed 13568K, reserved 1064960K
  class space    used 1343K, committed 1472K, reserved 1048576K
}

