# JRE version: OpenJDK Runtime Environment Temurin-17.0.5+8 (17.0.5+8) (build 17.0.5+8)
# Java VM: OpenJDK 64-Bit Server VM Temurin-17.0.5+8 (17.0.5+8, mixed mode, tiered, compressed oops, compressed class ptrs, g1 gc, windows-amd64)
GC Precious Log:
 CPUs: 6 total, 6 available
 Memory: 16304M
 Large Page Support: Disabled
 NUMA Support: Disabled
 Compressed Oops: Enabled (Zero based)
 Heap Region Size: 2M
 Heap Min Capacity: 8M
 Heap Initial Capacity: 256M
 Heap Max Capacity: 4078M
 Pre-touch: Disabled
 Parallel Workers: 6
 Concurrent Workers: 2
 Concurrent Refinement Workers: 6
 Periodic GC: Disabled
Heap:
 garbage-first heap   total 262144K, used 34500K [0x0000000701200000, 0x0000000800000000)
  region size 2048K, 1 young (2048K), 1 survivors (2048K)
 Metaspace       used 13300K, committed 13504K, reserved 1064960K
  class space    used 1337K, committed 1472K, reserved 1048576K
GC Heap History (17 events):
Event: 0.636 GC heap before
{Heap before GC invocations=0 (full 0):
 garbage-first heap   total 262144K, used 45056K [0x0000000701200000, 0x0000000800000000)
  region size 2048K, 10 young (20480K), 0 survivors (0K)
 Metaspace       used 12614K, committed 12864K, reserved 1064960K
  class space    used 1264K, committed 1408K, reserved 1048576K
}
Event: 0.638 GC heap after
{Heap after GC invocations=1 (full 0):
 garbage-first heap   total 262144K, used 26212K [0x0000000701200000, 0x0000000800000000)
  region size 2048K, 1 young (2048K), 1 survivors (2048K)
 Metaspace       used 12614K, committed 12864K, reserved 1064960K
  class space    used 1264K, committed 1408K, reserved 1048576K
}
Event: 1.501 GC heap before
{Heap before GC invocations=1 (full 0):
 garbage-first heap   total 262144K, used 134756K [0x0000000701200000, 0x0000000800000000)
  region size 2048K, 18 young (36864K), 1 survivors (2048K)
 Metaspace       used 13238K, committed 13440K, reserved 1064960K
  class space    used 1337K, committed 1472K, reserved 1048576K
}
Event: 1.503 GC heap after
{Heap after GC invocations=2 (full 0):
 garbage-first heap   total 262144K, used 50981K [0x0000000701200000, 0x0000000800000000)
  region size 2048K, 1 young (2048K), 1 survivors (2048K)
 Metaspace       used 13238K, committed 13440K, reserved 1064960K
  class space    used 1337K, committed 1472K, reserved 1048576K
}
Event: 1.695 GC heap before
{Heap before GC invocations=2 (full 0):
 garbage-first heap   total 262144K, used 153381K [0x0000000701200000, 0x0000000800000000)
  region size 2048K, 24 young (49152K), 1 survivors (2048K)
 Metaspace       used 13254K, committed 13440K, reserved 1064960K
  class space    used 1337K, committed 1472K, reserved 1048576K
}
Event: 1.697 GC heap after
{Heap after GC invocations=3 (full 0):
 garbage-first heap   total 262144K, used 34506K [0x0000000701200000, 0x0000000800000000)
  region size 2048K, 1 young (2048K), 1 survivors (2048K)
 Metaspace       used 13254K, committed 13440K, reserved 1064960K
  class space    used 1337K, committed 1472K, reserved 1048576K
}
Event: 1.822 GC heap before
{Heap before GC invocations=3 (full 0):
 garbage-first heap   total 262144K, used 155338K [0x0000000701200000, 0x0000000800000000)
  region size 2048K, 25 young (51200K), 1 survivors (2048K)
 Metaspace       used 13263K, committed 13504K, reserved 1064960K
  class space    used 1337K, committed 1472K, reserved 1048576K
}
Event: 1.824 GC heap after
{Heap after GC invocations=4 (full 0):
 garbage-first heap   total 262144K, used 34455K [0x0000000701200000, 0x0000000800000000)
  region size 2048K, 1 young (2048K), 1 survivors (2048K)
 Metaspace       used 13263K, committed 13504K, reserved 1064960K
  class space    used 1337K, committed 1472K, reserved 1048576K
}
Event: 2.126 GC heap before
{Heap before GC invocations=4 (full 0):
 garbage-first heap   total 262144K, used 157335K [0x0000000701200000, 0x0000000800000000)
  region size 2048K, 26 young (53248K), 1 survivors (2048K)
 Metaspace       used 13268K, committed 13504K, reserved 1064960K
  class space    used 1337K, committed 1472K, reserved 1048576K
}
Event: 2.128 GC heap after
{Heap after GC invocations=5 (full 0):
 garbage-first heap   total 262144K, used 34536K [0x0000000701200000, 0x0000000800000000)
  region size 2048K, 1 young (2048K), 1 survivors (2048K)
 Metaspace       used 13268K, committed 13504K, reserved 1064960K
  class space    used 1337K, committed 1472K, reserved 1048576K
}
Event: 2.223 GC heap before
{Heap before GC invocations=5 (full 0):
 garbage-first heap   total 262144K, used 155368K [0x0000000701200000, 0x0000000800000000)
  region size 2048K, 25 young (51200K), 1 survivors (2048K)
 Metaspace       used 13273K, committed 13504K, reserved 1064960K
  class space    used 1337K, committed 1472K, reserved 1048576K
}
Event: 2.225 GC heap after
{Heap after GC invocations=6 (full 0):
 garbage-first heap   total 262144K, used 34507K [0x0000000701200000, 0x0000000800000000)
  region size 2048K, 1 young (2048K), 1 survivors (2048K)
 Metaspace       used 13273K, committed 13504K, reserved 1064960K
  class space    used 1337K, committed 1472K, reserved 1048576K
}
Event: 2.320 GC heap before
{Heap before GC invocations=6 (full 0):
 garbage-first heap   total 262144K, used 153291K [0x0000000701200000, 0x0000000800000000)
  region size 2048K, 24 young (49152K), 1 survivors (2048K)
 Metaspace       used 13284K, committed 13504K, reserved 1064960K
  class space    used 1337K, committed 1472K, reserved 1048576K
}
Event: 2.322 GC heap after
{Heap after GC invocations=7 (full 0):
 garbage-first heap   total 262144K, used 34513K [0x0000000701200000, 0x0000000800000000)
  region size 2048K, 1 young (2048K), 1 survivors (2048K)
 Metaspace       used 13284K, committed 13504K, reserved 1064960K
  class space    used 1337K, committed 1472K, reserved 1048576K
}
Event: 2.417 GC heap before
{Heap before GC invocations=7 (full 0):
 garbage-first heap   total 262144K, used 155345K [0x0000000701200000, 0x0000000800000000)
  region size 2048K, 25 young (51200K), 1 survivors (2048K)
 Metaspace       used 13292K, committed 13504K, reserved 1064960K
  class space    used 1337K, committed 1472K, reserved 1048576K
}
Event: 2.419 GC heap after
{Heap after GC invocations=8 (full 0):
 garbage-first heap   total 262144K, used 34503K [0x0000000701200000, 0x0000000800000000)
  region size 2048K, 1 young (2048K), 1 survivors (2048K)
 Metaspace       used 13292K, committed 13504K, reserved 1064960K
  class space    used 1337K, committed 1472K, reserved 1048576K
}
Event: 2.513 GC heap before
{Heap before GC invocations=8 (full 0):
 garbage-first heap   total 262144K, used 153287K [0x0000000701200000, 0x0000000800000000)
  region size 2048K, 24 young (49152K), 1 survivors (2048K)
 Metaspace       used 13300K, committed 13504K, reserved 1064960K
  class space    used 1337K, committed 1472K, reserved 1048576K
}

