# JRE version: OpenJDK Runtime Environment Temurin-17.0.5+8 (17.0.5+8) (build 17.0.5+8)
# Java VM: OpenJDK 64-Bit Server VM Temurin-17.0.5+8 (17.0.5+8, mixed mode, tiered, compressed oops, compressed class ptrs, g1 gc, windows-amd64)
GC Precious Log:
 CPUs: 6 total, 6 available
 Memory: 16304M
 Large Page Support: Disabled
 NUMA Support: Disabled
 Compressed Oops: Enabled (Zero based)
 Heap Region Size: 2M
 Heap Min Capacity: 8M
 Heap Initial Capacity: 256M
 Heap Max Capacity: 4078M
 Pre-touch: Disabled
 Parallel Workers: 6
 Concurrent Workers: 2
 Concurrent Refinement Workers: 6
 Periodic GC: Disabled
Heap:
 garbage-first heap   total 505856K, used 59153K [0x0000000701200000, 0x0000000800000000)
  region size 2048K, 1 young (2048K), 1 survivors (2048K)
 Metaspace       used 13630K, committed 13824K, reserved 1064960K
  class space    used 1334K, committed 1472K, reserved 1048576K
GC Heap History (20 events):
Event: 2.128 GC heap after
{Heap after GC invocations=7 (full 0):
 garbage-first heap   total 395264K, used 50928K [0x0000000701200000, 0x0000000800000000)
  region size 2048K, 1 young (2048K), 1 survivors (2048K)
 Metaspace       used 13375K, committed 13568K, reserved 1064960K
  class space    used 1330K, committed 1472K, reserved 1048576K
}
Event: 2.178 GC heap before
{Heap before GC invocations=7 (full 0):
 garbage-first heap   total 395264K, used 175856K [0x0000000701200000, 0x0000000800000000)
  region size 2048K, 3 young (6144K), 1 survivors (2048K)
 Metaspace       used 13401K, committed 13632K, reserved 1064960K
  class space    used 1330K, committed 1472K, reserved 1048576K
}
Event: 2.180 GC heap after
{Heap after GC invocations=8 (full 0):
 garbage-first heap   total 395264K, used 42758K [0x0000000701200000, 0x0000000800000000)
  region size 2048K, 1 young (2048K), 1 survivors (2048K)
 Metaspace       used 13401K, committed 13632K, reserved 1064960K
  class space    used 1330K, committed 1472K, reserved 1048576K
}
Event: 2.233 GC heap before
{Heap before GC invocations=8 (full 0):
 garbage-first heap   total 395264K, used 175878K [0x0000000701200000, 0x0000000800000000)
  region size 2048K, 3 young (6144K), 1 survivors (2048K)
 Metaspace       used 13408K, committed 13632K, reserved 1064960K
  class space    used 1330K, committed 1472K, reserved 1048576K
}
Event: 2.234 GC heap after
{Heap after GC invocations=9 (full 0):
 garbage-first heap   total 395264K, used 51025K [0x0000000701200000, 0x0000000800000000)
  region size 2048K, 1 young (2048K), 1 survivors (2048K)
 Metaspace       used 13408K, committed 13632K, reserved 1064960K
  class space    used 1330K, committed 1472K, reserved 1048576K
}
Event: 2.283 GC heap before
{Heap before GC invocations=9 (full 0):
 garbage-first heap   total 395264K, used 175953K [0x0000000701200000, 0x0000000800000000)
  region size 2048K, 3 young (6144K), 1 survivors (2048K)
 Metaspace       used 13425K, committed 13632K, reserved 1064960K
  class space    used 1330K, committed 1472K, reserved 1048576K
}
Event: 2.285 GC heap after
{Heap after GC invocations=10 (full 0):
 garbage-first heap   total 505856K, used 51060K [0x0000000701200000, 0x0000000800000000)
  region size 2048K, 1 young (2048K), 1 survivors (2048K)
 Metaspace       used 13425K, committed 13632K, reserved 1064960K
  class space    used 1330K, committed 1472K, reserved 1048576K
}
Event: 2.385 GC heap before
{Heap before GC invocations=10 (full 0):
 garbage-first heap   total 505856K, used 225140K [0x0000000701200000, 0x0000000800000000)
  region size 2048K, 3 young (6144K), 1 survivors (2048K)
 Metaspace       used 13443K, committed 13632K, reserved 1064960K
  class space    used 1330K, committed 1472K, reserved 1048576K
}
Event: 2.387 GC heap after
{Heap after GC invocations=11 (full 0):
 garbage-first heap   total 505856K, used 67365K [0x0000000701200000, 0x0000000800000000)
  region size 2048K, 1 young (2048K), 1 survivors (2048K)
 Metaspace       used 13443K, committed 13632K, reserved 1064960K
  class space    used 1330K, committed 1472K, reserved 1048576K
}
Event: 3.200 GC heap before
{Heap before GC invocations=11 (full 0):
 garbage-first heap   total 505856K, used 218917K [0x0000000701200000, 0x0000000800000000)
  region size 2048K, 4 young (8192K), 1 survivors (2048K)
 Metaspace       used 13540K, committed 13760K, reserved 1064960K
  class space    used 1334K, committed 1472K, reserved 1048576K
}
Event: 3.202 GC heap after
{Heap after GC invocations=12 (full 0):
 garbage-first heap   total 505856K, used 59122K [0x0000000701200000, 0x0000000800000000)
  region size 2048K, 1 young (2048K), 1 survivors (2048K)
 Metaspace       used 13540K, committed 13760K, reserved 1064960K
  class space    used 1334K, committed 1472K, reserved 1048576K
}
Event: 3.296 GC heap before
{Heap before GC invocations=12 (full 0):
 garbage-first heap   total 505856K, used 225010K [0x0000000701200000, 0x0000000800000000)
  region size 2048K, 3 young (6144K), 1 survivors (2048K)
 Metaspace       used 13566K, committed 13760K, reserved 1064960K
  class space    used 1334K, committed 1472K, reserved 1048576K
}
Event: 3.298 GC heap after
{Heap after GC invocations=13 (full 0):
 garbage-first heap   total 505856K, used 59176K [0x0000000701200000, 0x0000000800000000)
  region size 2048K, 1 young (2048K), 1 survivors (2048K)
 Metaspace       used 13566K, committed 13760K, reserved 1064960K
  class space    used 1334K, committed 1472K, reserved 1048576K
}
Event: 3.362 GC heap before
{Heap before GC invocations=13 (full 0):
 garbage-first heap   total 505856K, used 216872K [0x0000000701200000, 0x0000000800000000)
  region size 2048K, 3 young (6144K), 1 survivors (2048K)
 Metaspace       used 13594K, committed 13824K, reserved 1064960K
  class space    used 1334K, committed 1472K, reserved 1048576K
}
Event: 3.364 GC heap after
{Heap after GC invocations=14 (full 0):
 garbage-first heap   total 505856K, used 59125K [0x0000000701200000, 0x0000000800000000)
  region size 2048K, 1 young (2048K), 1 survivors (2048K)
 Metaspace       used 13594K, committed 13824K, reserved 1064960K
  class space    used 1334K, committed 1472K, reserved 1048576K
}
Event: 3.436 GC heap before
{Heap before GC invocations=14 (full 0):
 garbage-first heap   total 505856K, used 225013K [0x0000000701200000, 0x0000000800000000)
  region size 2048K, 3 young (6144K), 1 survivors (2048K)
 Metaspace       used 13599K, committed 13824K, reserved 1064960K
  class space    used 1334K, committed 1472K, reserved 1048576K
}
Event: 3.438 GC heap after
{Heap after GC invocations=15 (full 0):
 garbage-first heap   total 505856K, used 59163K [0x0000000701200000, 0x0000000800000000)
  region size 2048K, 1 young (2048K), 1 survivors (2048K)
 Metaspace       used 13599K, committed 13824K, reserved 1064960K
  class space    used 1334K, committed 1472K, reserved 1048576K
}
Event: 3.498 GC heap before
{Heap before GC invocations=15 (full 0):
 garbage-first heap   total 505856K, used 216859K [0x0000000701200000, 0x0000000800000000)
  region size 2048K, 3 young (6144K), 1 survivors (2048K)
 Metaspace       used 13609K, committed 13824K, reserved 1064960K
  class space    used 1334K, committed 1472K, reserved 1048576K
}
Event: 3.500 GC heap after
{Heap after GC invocations=16 (full 0):
 garbage-first heap   total 505856K, used 59333K [0x0000000701200000, 0x0000000800000000)
  region size 2048K, 1 young (2048K), 1 survivors (2048K)
 Metaspace       used 13609K, committed 13824K, reserved 1064960K
  class space    used 1334K, committed 1472K, reserved 1048576K
}
Event: 3.570 GC heap before
{Heap before GC invocations=16 (full 0):
 garbage-first heap   total 505856K, used 225221K [0x0000000701200000, 0x0000000800000000)
  region size 2048K, 3 young (6144K), 1 survivors (2048K)
 Metaspace       used 13630K, committed 13824K, reserved 1064960K
  class space    used 1334K, committed 1472K, reserved 1048576K
}

