# JRE version: OpenJDK Runtime Environment Temurin-17.0.5+8 (17.0.5+8) (build 17.0.5+8)
# Java VM: OpenJDK 64-Bit Server VM Temurin-17.0.5+8 (17.0.5+8, mixed mode, tiered, compressed oops, compressed class ptrs, g1 gc, windows-amd64)
GC Precious Log:
 CPUs: 6 total, 6 available
 Memory: 16304M
 Large Page Support: Disabled
 NUMA Support: Disabled
 Compressed Oops: Enabled (Zero based)
 Heap Region Size: 2M
 Heap Min Capacity: 8M
 Heap Initial Capacity: 256M
 Heap Max Capacity: 4078M
 Pre-touch: Disabled
 Parallel Workers: 6
 Concurrent Workers: 2
 Concurrent Refinement Workers: 6
 Periodic GC: Disabled
Heap:
 garbage-first heap   total 262144K, used 34610K [0x0000000701200000, 0x0000000800000000)
  region size 2048K, 1 young (2048K), 1 survivors (2048K)
 Metaspace       used 13366K, committed 13632K, reserved 1064960K
  class space    used 1331K, committed 1472K, reserved 1048576K
GC Heap History (11 events):
Event: 2.340 GC heap before
{Heap before GC invocations=0 (full 0):
 garbage-first heap   total 262144K, used 118784K [0x0000000701200000, 0x0000000800000000)
  region size 2048K, 10 young (20480K), 0 survivors (0K)
 Metaspace       used 13301K, committed 13568K, reserved 1064960K
  class space    used 1330K, committed 1472K, reserved 1048576K
}
Event: 2.343 GC heap after
{Heap after GC invocations=1 (full 0):
 garbage-first heap   total 262144K, used 50920K [0x0000000701200000, 0x0000000800000000)
  region size 2048K, 1 young (2048K), 1 survivors (2048K)
 Metaspace       used 13301K, committed 13568K, reserved 1064960K
  class space    used 1330K, committed 1472K, reserved 1048576K
}
Event: 2.384 GC heap before
{Heap before GC invocations=1 (full 0):
 garbage-first heap   total 262144K, used 114408K [0x0000000701200000, 0x0000000800000000)
  region size 2048K, 5 young (10240K), 1 survivors (2048K)
 Metaspace       used 13312K, committed 13568K, reserved 1064960K
  class space    used 1331K, committed 1472K, reserved 1048576K
}
Event: 2.385 GC heap after
{Heap after GC invocations=2 (full 0):
 garbage-first heap   total 262144K, used 34527K [0x0000000701200000, 0x0000000800000000)
  region size 2048K, 1 young (2048K), 1 survivors (2048K)
 Metaspace       used 13312K, committed 13568K, reserved 1064960K
  class space    used 1331K, committed 1472K, reserved 1048576K
}
Event: 2.419 GC heap before
{Heap before GC invocations=2 (full 0):
 garbage-first heap   total 262144K, used 110303K [0x0000000701200000, 0x0000000800000000)
  region size 2048K, 3 young (6144K), 1 survivors (2048K)
 Metaspace       used 13318K, committed 13568K, reserved 1064960K
  class space    used 1331K, committed 1472K, reserved 1048576K
}
Event: 2.421 GC heap after
{Heap after GC invocations=3 (full 0):
 garbage-first heap   total 262144K, used 34511K [0x0000000701200000, 0x0000000800000000)
  region size 2048K, 1 young (2048K), 1 survivors (2048K)
 Metaspace       used 13318K, committed 13568K, reserved 1064960K
  class space    used 1331K, committed 1472K, reserved 1048576K
}
Event: 2.454 GC heap before
{Heap before GC invocations=3 (full 0):
 garbage-first heap   total 262144K, used 110287K [0x0000000701200000, 0x0000000800000000)
  region size 2048K, 3 young (6144K), 1 survivors (2048K)
 Metaspace       used 13325K, committed 13568K, reserved 1064960K
  class space    used 1331K, committed 1472K, reserved 1048576K
}
Event: 2.455 GC heap after
{Heap after GC invocations=4 (full 0):
 garbage-first heap   total 262144K, used 34532K [0x0000000701200000, 0x0000000800000000)
  region size 2048K, 1 young (2048K), 1 survivors (2048K)
 Metaspace       used 13325K, committed 13568K, reserved 1064960K
  class space    used 1331K, committed 1472K, reserved 1048576K
}
Event: 2.548 GC heap before
{Heap before GC invocations=4 (full 0):
 garbage-first heap   total 262144K, used 110308K [0x0000000701200000, 0x0000000800000000)
  region size 2048K, 3 young (6144K), 1 survivors (2048K)
 Metaspace       used 13352K, committed 13632K, reserved 1064960K
  class space    used 1331K, committed 1472K, reserved 1048576K
}
Event: 2.550 GC heap after
{Heap after GC invocations=5 (full 0):
 garbage-first heap   total 262144K, used 34615K [0x0000000701200000, 0x0000000800000000)
  region size 2048K, 1 young (2048K), 1 survivors (2048K)
 Metaspace       used 13352K, committed 13632K, reserved 1064960K
  class space    used 1331K, committed 1472K, reserved 1048576K
}
Event: 2.584 GC heap before
{Heap before GC invocations=5 (full 0):
 garbage-first heap   total 262144K, used 110391K [0x0000000701200000, 0x0000000800000000)
  region size 2048K, 3 young (6144K), 1 survivors (2048K)
 Metaspace       used 13366K, committed 13632K, reserved 1064960K
  class space    used 1331K, committed 1472K, reserved 1048576K
}

