# JRE version: OpenJDK Runtime Environment Temurin-17.0.5+8 (17.0.5+8) (build 17.0.5+8)
# Java VM: OpenJDK 64-Bit Server VM Temurin-17.0.5+8 (17.0.5+8, mixed mode, tiered, compressed oops, compressed class ptrs, g1 gc, windows-amd64)
GC Precious Log:
 CPUs: 6 total, 6 available
 Memory: 16304M
 Large Page Support: Disabled
 NUMA Support: Disabled
 Compressed Oops: Enabled (Zero based)
 Heap Region Size: 2M
 Heap Min Capacity: 8M
 Heap Initial Capacity: 256M
 Heap Max Capacity: 4078M
 Pre-touch: Disabled
 Parallel Workers: 6
 Concurrent Workers: 2
 Concurrent Refinement Workers: 6
 Periodic GC: Disabled
Heap:
 garbage-first heap   total 315392K, used 130886K [0x0000000701200000, 0x0000000800000000)
  region size 2048K, 13 young (26624K), 1 survivors (2048K)
 Metaspace       used 13694K, committed 13888K, reserved 1064960K
  class space    used 1353K, committed 1472K, reserved 1048576K
GC Heap History (20 events):
Event: 2.795 GC heap before
{Heap before GC invocations=7 (full 0):
 garbage-first heap   total 262144K, used 140941K [0x0000000701200000, 0x0000000800000000)
  region size 2048K, 18 young (36864K), 1 survivors (2048K)
 Metaspace       used 13318K, committed 13504K, reserved 1064960K
  class space    used 1339K, committed 1472K, reserved 1048576K
}
Event: 2.796 GC heap after
{Heap after GC invocations=8 (full 0):
 garbage-first heap   total 262144K, used 34478K [0x0000000701200000, 0x0000000800000000)
  region size 2048K, 1 young (2048K), 1 survivors (2048K)
 Metaspace       used 13318K, committed 13504K, reserved 1064960K
  class space    used 1339K, committed 1472K, reserved 1048576K
}
Event: 2.906 GC heap before
{Heap before GC invocations=8 (full 0):
 garbage-first heap   total 262144K, used 136878K [0x0000000701200000, 0x0000000800000000)
  region size 2048K, 16 young (32768K), 1 survivors (2048K)
 Metaspace       used 13323K, committed 13504K, reserved 1064960K
  class space    used 1339K, committed 1472K, reserved 1048576K
}
Event: 2.908 GC heap after
{Heap after GC invocations=9 (full 0):
 garbage-first heap   total 315392K, used 34462K [0x0000000701200000, 0x0000000800000000)
  region size 2048K, 1 young (2048K), 1 survivors (2048K)
 Metaspace       used 13323K, committed 13504K, reserved 1064960K
  class space    used 1339K, committed 1472K, reserved 1048576K
}
Event: 3.040 GC heap before
{Heap before GC invocations=9 (full 0):
 garbage-first heap   total 315392K, used 165534K [0x0000000701200000, 0x0000000800000000)
  region size 2048K, 18 young (36864K), 1 survivors (2048K)
 Metaspace       used 13328K, committed 13504K, reserved 1064960K
  class space    used 1339K, committed 1472K, reserved 1048576K
}
Event: 3.041 GC heap after
{Heap after GC invocations=10 (full 0):
 garbage-first heap   total 315392K, used 42674K [0x0000000701200000, 0x0000000800000000)
  region size 2048K, 1 young (2048K), 1 survivors (2048K)
 Metaspace       used 13328K, committed 13504K, reserved 1064960K
  class space    used 1339K, committed 1472K, reserved 1048576K
}
Event: 3.161 GC heap before
{Heap before GC invocations=10 (full 0):
 garbage-first heap   total 315392K, used 169650K [0x0000000701200000, 0x0000000800000000)
  region size 2048K, 16 young (32768K), 1 survivors (2048K)
 Metaspace       used 13331K, committed 13504K, reserved 1064960K
  class space    used 1339K, committed 1472K, reserved 1048576K
}
Event: 3.162 GC heap after
{Heap after GC invocations=11 (full 0):
 garbage-first heap   total 315392K, used 42723K [0x0000000701200000, 0x0000000800000000)
  region size 2048K, 1 young (2048K), 1 survivors (2048K)
 Metaspace       used 13331K, committed 13504K, reserved 1064960K
  class space    used 1339K, committed 1472K, reserved 1048576K
}
Event: 3.414 GC heap before
{Heap before GC invocations=11 (full 0):
 garbage-first heap   total 315392K, used 163555K [0x0000000701200000, 0x0000000800000000)
  region size 2048K, 13 young (26624K), 1 survivors (2048K)
 Metaspace       used 13350K, committed 13632K, reserved 1064960K
  class space    used 1339K, committed 1472K, reserved 1048576K
}
Event: 3.415 GC heap after
{Heap after GC invocations=12 (full 0):
 garbage-first heap   total 315392K, used 42697K [0x0000000701200000, 0x0000000800000000)
  region size 2048K, 1 young (2048K), 1 survivors (2048K)
 Metaspace       used 13350K, committed 13632K, reserved 1064960K
  class space    used 1339K, committed 1472K, reserved 1048576K
}
Event: 4.018 GC heap before
{Heap before GC invocations=12 (full 0):
 garbage-first heap   total 315392K, used 163529K [0x0000000701200000, 0x0000000800000000)
  region size 2048K, 13 young (26624K), 1 survivors (2048K)
 Metaspace       used 13360K, committed 13632K, reserved 1064960K
  class space    used 1339K, committed 1472K, reserved 1048576K
}
Event: 4.020 GC heap after
{Heap after GC invocations=13 (full 0):
 garbage-first heap   total 315392K, used 42692K [0x0000000701200000, 0x0000000800000000)
  region size 2048K, 1 young (2048K), 1 survivors (2048K)
 Metaspace       used 13360K, committed 13632K, reserved 1064960K
  class space    used 1339K, committed 1472K, reserved 1048576K
}
Event: 4.293 GC heap before
{Heap before GC invocations=13 (full 0):
 garbage-first heap   total 315392K, used 163524K [0x0000000701200000, 0x0000000800000000)
  region size 2048K, 13 young (26624K), 1 survivors (2048K)
 Metaspace       used 13378K, committed 13632K, reserved 1064960K
  class space    used 1339K, committed 1472K, reserved 1048576K
}
Event: 4.295 GC heap after
{Heap after GC invocations=14 (full 0):
 garbage-first heap   total 315392K, used 42761K [0x0000000701200000, 0x0000000800000000)
  region size 2048K, 1 young (2048K), 1 survivors (2048K)
 Metaspace       used 13378K, committed 13632K, reserved 1064960K
  class space    used 1339K, committed 1472K, reserved 1048576K
}
Event: 4.971 GC heap before
{Heap before GC invocations=14 (full 0):
 garbage-first heap   total 315392K, used 161545K [0x0000000701200000, 0x0000000800000000)
  region size 2048K, 12 young (24576K), 1 survivors (2048K)
 Metaspace       used 13392K, committed 13632K, reserved 1064960K
  class space    used 1339K, committed 1472K, reserved 1048576K
}
Event: 4.973 GC heap after
{Heap after GC invocations=15 (full 0):
 garbage-first heap   total 315392K, used 42668K [0x0000000701200000, 0x0000000800000000)
  region size 2048K, 1 young (2048K), 1 survivors (2048K)
 Metaspace       used 13392K, committed 13632K, reserved 1064960K
  class space    used 1339K, committed 1472K, reserved 1048576K
}
Event: 5.111 GC heap before
{Heap before GC invocations=15 (full 0):
 garbage-first heap   total 315392K, used 163500K [0x0000000701200000, 0x0000000800000000)
  region size 2048K, 13 young (26624K), 1 survivors (2048K)
 Metaspace       used 13415K, committed 13696K, reserved 1064960K
  class space    used 1339K, committed 1472K, reserved 1048576K
}
Event: 5.113 GC heap after
{Heap after GC invocations=16 (full 0):
 garbage-first heap   total 315392K, used 42853K [0x0000000701200000, 0x0000000800000000)
  region size 2048K, 1 young (2048K), 1 survivors (2048K)
 Metaspace       used 13415K, committed 13696K, reserved 1064960K
  class space    used 1339K, committed 1472K, reserved 1048576K
}
Event: 6.030 GC heap before
{Heap before GC invocations=16 (full 0):
 garbage-first heap   total 315392K, used 163685K [0x0000000701200000, 0x0000000800000000)
  region size 2048K, 13 young (26624K), 1 survivors (2048K)
 Metaspace       used 13440K, committed 13696K, reserved 1064960K
  class space    used 1339K, committed 1472K, reserved 1048576K
}
Event: 6.030 GC heap after
{Heap after GC invocations=17 (full 0):
 garbage-first heap   total 315392K, used 42822K [0x0000000701200000, 0x0000000800000000)
  region size 2048K, 1 young (2048K), 1 survivors (2048K)
 Metaspace       used 13440K, committed 13696K, reserved 1064960K
  class space    used 1339K, committed 1472K, reserved 1048576K
}

