# JRE version: OpenJDK Runtime Environment Temurin-17.0.5+8 (17.0.5+8) (build 17.0.5+8)
# Java VM: OpenJDK 64-Bit Server VM Temurin-17.0.5+8 (17.0.5+8, mixed mode, tiered, compressed oops, compressed class ptrs, g1 gc, windows-amd64)
GC Precious Log:
 CPUs: 6 total, 6 available
 Memory: 16304M
 Large Page Support: Disabled
 NUMA Support: Disabled
 Compressed Oops: Enabled (Zero based)
 Heap Region Size: 2M
 Heap Min Capacity: 8M
 Heap Initial Capacity: 256M
 Heap Max Capacity: 4078M
 Pre-touch: Disabled
 Parallel Workers: 6
 Concurrent Workers: 2
 Concurrent Refinement Workers: 6
 Periodic GC: Disabled
Heap:
 garbage-first heap   total 262144K, used 34481K [0x0000000701200000, 0x0000000800000000)
  region size 2048K, 1 young (2048K), 1 survivors (2048K)
 Metaspace       used 13298K, committed 13504K, reserved 1064960K
  class space    used 1337K, committed 1472K, reserved 1048576K
GC Heap History (13 events):
Event: 1.152 GC heap before
{Heap before GC invocations=0 (full 0):
 garbage-first heap   total 262144K, used 94208K [0x0000000701200000, 0x0000000800000000)
  region size 2048K, 10 young (20480K), 0 survivors (0K)
 Metaspace       used 13239K, committed 13440K, reserved 1064960K
  class space    used 1337K, committed 1472K, reserved 1048576K
}
Event: 1.154 GC heap after
{Heap after GC invocations=1 (full 0):
 garbage-first heap   total 262144K, used 42688K [0x0000000701200000, 0x0000000800000000)
  region size 2048K, 1 young (2048K), 1 survivors (2048K)
 Metaspace       used 13239K, committed 13440K, reserved 1064960K
  class space    used 1337K, committed 1472K, reserved 1048576K
}
Event: 1.671 GC heap before
{Heap before GC invocations=1 (full 0):
 garbage-first heap   total 262144K, used 140992K [0x0000000701200000, 0x0000000800000000)
  region size 2048K, 14 young (28672K), 1 survivors (2048K)
 Metaspace       used 13262K, committed 13504K, reserved 1064960K
  class space    used 1337K, committed 1472K, reserved 1048576K
}
Event: 1.673 GC heap after
{Heap after GC invocations=2 (full 0):
 garbage-first heap   total 262144K, used 34568K [0x0000000701200000, 0x0000000800000000)
  region size 2048K, 1 young (2048K), 1 survivors (2048K)
 Metaspace       used 13262K, committed 13504K, reserved 1064960K
  class space    used 1337K, committed 1472K, reserved 1048576K
}
Event: 1.766 GC heap before
{Heap before GC invocations=2 (full 0):
 garbage-first heap   total 262144K, used 134920K [0x0000000701200000, 0x0000000800000000)
  region size 2048K, 11 young (22528K), 1 survivors (2048K)
 Metaspace       used 13271K, committed 13504K, reserved 1064960K
  class space    used 1337K, committed 1472K, reserved 1048576K
}
Event: 1.768 GC heap after
{Heap after GC invocations=3 (full 0):
 garbage-first heap   total 262144K, used 34522K [0x0000000701200000, 0x0000000800000000)
  region size 2048K, 1 young (2048K), 1 survivors (2048K)
 Metaspace       used 13271K, committed 13504K, reserved 1064960K
  class space    used 1337K, committed 1472K, reserved 1048576K
}
Event: 1.859 GC heap before
{Heap before GC invocations=3 (full 0):
 garbage-first heap   total 262144K, used 126682K [0x0000000701200000, 0x0000000800000000)
  region size 2048K, 11 young (22528K), 1 survivors (2048K)
 Metaspace       used 13271K, committed 13504K, reserved 1064960K
  class space    used 1337K, committed 1472K, reserved 1048576K
}
Event: 1.861 GC heap after
{Heap after GC invocations=4 (full 0):
 garbage-first heap   total 262144K, used 34533K [0x0000000701200000, 0x0000000800000000)
  region size 2048K, 1 young (2048K), 1 survivors (2048K)
 Metaspace       used 13271K, committed 13504K, reserved 1064960K
  class space    used 1337K, committed 1472K, reserved 1048576K
}
Event: 1.966 GC heap before
{Heap before GC invocations=4 (full 0):
 garbage-first heap   total 262144K, used 126693K [0x0000000701200000, 0x0000000800000000)
  region size 2048K, 11 young (22528K), 1 survivors (2048K)
 Metaspace       used 13274K, committed 13504K, reserved 1064960K
  class space    used 1337K, committed 1472K, reserved 1048576K
}
Event: 1.968 GC heap after
{Heap after GC invocations=5 (full 0):
 garbage-first heap   total 262144K, used 34534K [0x0000000701200000, 0x0000000800000000)
  region size 2048K, 1 young (2048K), 1 survivors (2048K)
 Metaspace       used 13274K, committed 13504K, reserved 1064960K
  class space    used 1337K, committed 1472K, reserved 1048576K
}
Event: 2.059 GC heap before
{Heap before GC invocations=5 (full 0):
 garbage-first heap   total 262144K, used 126694K [0x0000000701200000, 0x0000000800000000)
  region size 2048K, 11 young (22528K), 1 survivors (2048K)
 Metaspace       used 13289K, committed 13504K, reserved 1064960K
  class space    used 1337K, committed 1472K, reserved 1048576K
}
Event: 2.061 GC heap after
{Heap after GC invocations=6 (full 0):
 garbage-first heap   total 262144K, used 34481K [0x0000000701200000, 0x0000000800000000)
  region size 2048K, 1 young (2048K), 1 survivors (2048K)
 Metaspace       used 13289K, committed 13504K, reserved 1064960K
  class space    used 1337K, committed 1472K, reserved 1048576K
}
Event: 2.153 GC heap before
{Heap before GC invocations=6 (full 0):
 garbage-first heap   total 262144K, used 126641K [0x0000000701200000, 0x0000000800000000)
  region size 2048K, 11 young (22528K), 1 survivors (2048K)
 Metaspace       used 13298K, committed 13504K, reserved 1064960K
  class space    used 1337K, committed 1472K, reserved 1048576K
}

