# JRE version: OpenJDK Runtime Environment Temurin-17.0.5+8 (17.0.5+8) (build 17.0.5+8)
# Java VM: OpenJDK 64-Bit Server VM Temurin-17.0.5+8 (17.0.5+8, mixed mode, tiered, compressed oops, compressed class ptrs, g1 gc, windows-amd64)
GC Precious Log:
 CPUs: 6 total, 6 available
 Memory: 16304M
 Large Page Support: Disabled
 NUMA Support: Disabled
 Compressed Oops: Enabled (Zero based)
 Heap Region Size: 2M
 Heap Min Capacity: 8M
 Heap Initial Capacity: 256M
 Heap Max Capacity: 4078M
 Pre-touch: Disabled
 Parallel Workers: 6
 Concurrent Workers: 2
 Concurrent Refinement Workers: 6
 Periodic GC: Disabled
Heap:
 garbage-first heap   total 378880K, used 153207K [0x0000000701200000, 0x0000000800000000)
  region size 2048K, 12 young (24576K), 1 survivors (2048K)
 Metaspace       used 13431K, committed 13632K, reserved 1064960K
  class space    used 1344K, committed 1472K, reserved 1048576K
GC Heap History (20 events):
Event: 2.890 GC heap before
{Heap before GC invocations=4 (full 0):
 garbage-first heap   total 262144K, used 153242K [0x0000000701200000, 0x0000000800000000)
  region size 2048K, 24 young (49152K), 1 survivors (2048K)
 Metaspace       used 13313K, committed 13504K, reserved 1064960K
  class space    used 1340K, committed 1472K, reserved 1048576K
}
Event: 2.892 GC heap after
{Heap after GC invocations=5 (full 0):
 garbage-first heap   total 262144K, used 34472K [0x0000000701200000, 0x0000000800000000)
  region size 2048K, 1 young (2048K), 1 survivors (2048K)
 Metaspace       used 13313K, committed 13504K, reserved 1064960K
  class space    used 1340K, committed 1472K, reserved 1048576K
}
Event: 3.012 GC heap before
{Heap before GC invocations=5 (full 0):
 garbage-first heap   total 262144K, used 151208K [0x0000000701200000, 0x0000000800000000)
  region size 2048K, 23 young (47104K), 1 survivors (2048K)
 Metaspace       used 13316K, committed 13504K, reserved 1064960K
  class space    used 1340K, committed 1472K, reserved 1048576K
}
Event: 3.013 GC heap after
{Heap after GC invocations=6 (full 0):
 garbage-first heap   total 262144K, used 34555K [0x0000000701200000, 0x0000000800000000)
  region size 2048K, 1 young (2048K), 1 survivors (2048K)
 Metaspace       used 13316K, committed 13504K, reserved 1064960K
  class space    used 1340K, committed 1472K, reserved 1048576K
}
Event: 3.129 GC heap before
{Heap before GC invocations=6 (full 0):
 garbage-first heap   total 262144K, used 145147K [0x0000000701200000, 0x0000000800000000)
  region size 2048K, 20 young (40960K), 1 survivors (2048K)
 Metaspace       used 13323K, committed 13504K, reserved 1064960K
  class space    used 1340K, committed 1472K, reserved 1048576K
}
Event: 3.131 GC heap after
{Heap after GC invocations=7 (full 0):
 garbage-first heap   total 262144K, used 34507K [0x0000000701200000, 0x0000000800000000)
  region size 2048K, 1 young (2048K), 1 survivors (2048K)
 Metaspace       used 13323K, committed 13504K, reserved 1064960K
  class space    used 1340K, committed 1472K, reserved 1048576K
}
Event: 3.231 GC heap before
{Heap before GC invocations=7 (full 0):
 garbage-first heap   total 262144K, used 141003K [0x0000000701200000, 0x0000000800000000)
  region size 2048K, 18 young (36864K), 1 survivors (2048K)
 Metaspace       used 13339K, committed 13568K, reserved 1064960K
  class space    used 1340K, committed 1472K, reserved 1048576K
}
Event: 3.233 GC heap after
{Heap after GC invocations=8 (full 0):
 garbage-first heap   total 315392K, used 34517K [0x0000000701200000, 0x0000000800000000)
  region size 2048K, 1 young (2048K), 1 survivors (2048K)
 Metaspace       used 13339K, committed 13568K, reserved 1064960K
  class space    used 1340K, committed 1472K, reserved 1048576K
}
Event: 3.381 GC heap before
{Heap before GC invocations=8 (full 0):
 garbage-first heap   total 315392K, used 171733K [0x0000000701200000, 0x0000000800000000)
  region size 2048K, 21 young (43008K), 1 survivors (2048K)
 Metaspace       used 13356K, committed 13568K, reserved 1064960K
  class space    used 1340K, committed 1472K, reserved 1048576K
}
Event: 3.382 GC heap after
{Heap after GC invocations=9 (full 0):
 garbage-first heap   total 315392K, used 42712K [0x0000000701200000, 0x0000000800000000)
  region size 2048K, 1 young (2048K), 1 survivors (2048K)
 Metaspace       used 13356K, committed 13568K, reserved 1064960K
  class space    used 1340K, committed 1472K, reserved 1048576K
}
Event: 3.498 GC heap before
{Heap before GC invocations=9 (full 0):
 garbage-first heap   total 315392K, used 173784K [0x0000000701200000, 0x0000000800000000)
  region size 2048K, 18 young (36864K), 1 survivors (2048K)
 Metaspace       used 13371K, committed 13568K, reserved 1064960K
  class space    used 1340K, committed 1472K, reserved 1048576K
}
Event: 3.499 GC heap after
{Heap after GC invocations=10 (full 0):
 garbage-first heap   total 315392K, used 42745K [0x0000000701200000, 0x0000000800000000)
  region size 2048K, 1 young (2048K), 1 survivors (2048K)
 Metaspace       used 13371K, committed 13568K, reserved 1064960K
  class space    used 1340K, committed 1472K, reserved 1048576K
}
Event: 3.616 GC heap before
{Heap before GC invocations=10 (full 0):
 garbage-first heap   total 315392K, used 169721K [0x0000000701200000, 0x0000000800000000)
  region size 2048K, 16 young (32768K), 1 survivors (2048K)
 Metaspace       used 13373K, committed 13568K, reserved 1064960K
  class space    used 1340K, committed 1472K, reserved 1048576K
}
Event: 3.618 GC heap after
{Heap after GC invocations=11 (full 0):
 garbage-first heap   total 315392K, used 42748K [0x0000000701200000, 0x0000000800000000)
  region size 2048K, 1 young (2048K), 1 survivors (2048K)
 Metaspace       used 13373K, committed 13568K, reserved 1064960K
  class space    used 1340K, committed 1472K, reserved 1048576K
}
Event: 3.756 GC heap before
{Heap before GC invocations=11 (full 0):
 garbage-first heap   total 315392K, used 163580K [0x0000000701200000, 0x0000000800000000)
  region size 2048K, 13 young (26624K), 1 survivors (2048K)
 Metaspace       used 13387K, committed 13568K, reserved 1064960K
  class space    used 1341K, committed 1472K, reserved 1048576K
}
Event: 3.758 GC heap after
{Heap after GC invocations=12 (full 0):
 garbage-first heap   total 315392K, used 42657K [0x0000000701200000, 0x0000000800000000)
  region size 2048K, 1 young (2048K), 1 survivors (2048K)
 Metaspace       used 13387K, committed 13568K, reserved 1064960K
  class space    used 1341K, committed 1472K, reserved 1048576K
}
Event: 3.882 GC heap before
{Heap before GC invocations=12 (full 0):
 garbage-first heap   total 315392K, used 161441K [0x0000000701200000, 0x0000000800000000)
  region size 2048K, 12 young (24576K), 1 survivors (2048K)
 Metaspace       used 13398K, committed 13568K, reserved 1064960K
  class space    used 1341K, committed 1472K, reserved 1048576K
}
Event: 3.884 GC heap after
{Heap after GC invocations=13 (full 0):
 garbage-first heap   total 315392K, used 42599K [0x0000000701200000, 0x0000000800000000)
  region size 2048K, 1 young (2048K), 1 survivors (2048K)
 Metaspace       used 13398K, committed 13568K, reserved 1064960K
  class space    used 1341K, committed 1472K, reserved 1048576K
}
Event: 4.008 GC heap before
{Heap before GC invocations=13 (full 0):
 garbage-first heap   total 315392K, used 157287K [0x0000000701200000, 0x0000000800000000)
  region size 2048K, 10 young (20480K), 1 survivors (2048K)
 Metaspace       used 13402K, committed 13632K, reserved 1064960K
  class space    used 1341K, committed 1472K, reserved 1048576K
}
Event: 4.010 GC heap after
{Heap after GC invocations=14 (full 0):
 garbage-first heap   total 378880K, used 42615K [0x0000000701200000, 0x0000000800000000)
  region size 2048K, 1 young (2048K), 1 survivors (2048K)
 Metaspace       used 13402K, committed 13632K, reserved 1064960K
  class space    used 1341K, committed 1472K, reserved 1048576K
}

