# JRE version: OpenJDK Runtime Environment Temurin-17.0.5+8 (17.0.5+8) (build 17.0.5+8)
# Java VM: OpenJDK 64-Bit Server VM Temurin-17.0.5+8 (17.0.5+8, mixed mode, tiered, compressed oops, compressed class ptrs, g1 gc, windows-amd64)
GC Precious Log:
 CPUs: 6 total, 6 available
 Memory: 16304M
 Large Page Support: Disabled
 NUMA Support: Disabled
 Compressed Oops: Enabled (Zero based)
 Heap Region Size: 2M
 Heap Min Capacity: 8M
 Heap Initial Capacity: 256M
 Heap Max Capacity: 4078M
 Pre-touch: Disabled
 Parallel Workers: 6
 Concurrent Workers: 2
 Concurrent Refinement Workers: 6
 Periodic GC: Disabled
Heap:
 garbage-first heap   total 372736K, used 42616K [0x0000000701200000, 0x0000000800000000)
  region size 2048K, 1 young (2048K), 1 survivors (2048K)
 Metaspace       used 12565K, committed 12736K, reserved 1064960K
  class space    used 1232K, committed 1344K, reserved 1048576K
GC Heap History (19 events):
Event: 3.176 GC heap before
{Heap before GC invocations=0 (full 0):
 garbage-first heap   total 262144K, used 116736K [0x0000000701200000, 0x0000000800000000)
  region size 2048K, 6 young (12288K), 0 survivors (0K)
 Metaspace       used 12456K, committed 12672K, reserved 1064960K
  class space    used 1232K, committed 1344K, reserved 1048576K
}
Event: 3.179 GC heap after
{Heap after GC invocations=1 (full 0):
 garbage-first heap   total 262144K, used 42644K [0x0000000701200000, 0x0000000800000000)
  region size 2048K, 1 young (2048K), 1 survivors (2048K)
 Metaspace       used 12456K, committed 12672K, reserved 1064960K
  class space    used 1232K, committed 1344K, reserved 1048576K
}
Event: 3.222 GC heap before
{Heap before GC invocations=1 (full 0):
 garbage-first heap   total 262144K, used 118420K [0x0000000701200000, 0x0000000800000000)
  region size 2048K, 3 young (6144K), 1 survivors (2048K)
 Metaspace       used 12468K, committed 12672K, reserved 1064960K
  class space    used 1232K, committed 1344K, reserved 1048576K
}
Event: 3.223 GC heap after
{Heap after GC invocations=2 (full 0):
 garbage-first heap   total 262144K, used 34429K [0x0000000701200000, 0x0000000800000000)
  region size 2048K, 1 young (2048K), 1 survivors (2048K)
 Metaspace       used 12468K, committed 12672K, reserved 1064960K
  class space    used 1232K, committed 1344K, reserved 1048576K
}
Event: 3.260 GC heap before
{Heap before GC invocations=2 (full 0):
 garbage-first heap   total 262144K, used 110205K [0x0000000701200000, 0x0000000800000000)
  region size 2048K, 3 young (6144K), 1 survivors (2048K)
 Metaspace       used 12473K, committed 12672K, reserved 1064960K
  class space    used 1232K, committed 1344K, reserved 1048576K
}
Event: 3.262 GC heap after
{Heap after GC invocations=3 (full 0):
 garbage-first heap   total 262144K, used 34426K [0x0000000701200000, 0x0000000800000000)
  region size 2048K, 1 young (2048K), 1 survivors (2048K)
 Metaspace       used 12473K, committed 12672K, reserved 1064960K
  class space    used 1232K, committed 1344K, reserved 1048576K
}
Event: 3.296 GC heap before
{Heap before GC invocations=3 (full 0):
 garbage-first heap   total 262144K, used 110202K [0x0000000701200000, 0x0000000800000000)
  region size 2048K, 3 young (6144K), 1 survivors (2048K)
 Metaspace       used 12482K, committed 12672K, reserved 1064960K
  class space    used 1232K, committed 1344K, reserved 1048576K
}
Event: 3.298 GC heap after
{Heap after GC invocations=4 (full 0):
 garbage-first heap   total 262144K, used 34529K [0x0000000701200000, 0x0000000800000000)
  region size 2048K, 1 young (2048K), 1 survivors (2048K)
 Metaspace       used 12482K, committed 12672K, reserved 1064960K
  class space    used 1232K, committed 1344K, reserved 1048576K
}
Event: 3.332 GC heap before
{Heap before GC invocations=4 (full 0):
 garbage-first heap   total 262144K, used 112353K [0x0000000701200000, 0x0000000800000000)
  region size 2048K, 4 young (8192K), 1 survivors (2048K)
 Metaspace       used 12490K, committed 12672K, reserved 1064960K
  class space    used 1232K, committed 1344K, reserved 1048576K
}
Event: 3.333 GC heap after
{Heap after GC invocations=5 (full 0):
 garbage-first heap   total 262144K, used 34544K [0x0000000701200000, 0x0000000800000000)
  region size 2048K, 1 young (2048K), 1 survivors (2048K)
 Metaspace       used 12490K, committed 12672K, reserved 1064960K
  class space    used 1232K, committed 1344K, reserved 1048576K
}
Event: 3.367 GC heap before
{Heap before GC invocations=5 (full 0):
 garbage-first heap   total 262144K, used 112368K [0x0000000701200000, 0x0000000800000000)
  region size 2048K, 4 young (8192K), 1 survivors (2048K)
 Metaspace       used 12517K, committed 12672K, reserved 1064960K
  class space    used 1232K, committed 1344K, reserved 1048576K
}
Event: 3.369 GC heap after
{Heap after GC invocations=6 (full 0):
 garbage-first heap   total 372736K, used 34464K [0x0000000701200000, 0x0000000800000000)
  region size 2048K, 1 young (2048K), 1 survivors (2048K)
 Metaspace       used 12517K, committed 12672K, reserved 1064960K
  class space    used 1232K, committed 1344K, reserved 1048576K
}
Event: 3.442 GC heap before
{Heap before GC invocations=6 (full 0):
 garbage-first heap   total 372736K, used 163488K [0x0000000701200000, 0x0000000800000000)
  region size 2048K, 5 young (10240K), 1 survivors (2048K)
 Metaspace       used 12538K, committed 12736K, reserved 1064960K
  class space    used 1232K, committed 1344K, reserved 1048576K
}
Event: 3.443 GC heap after
{Heap after GC invocations=7 (full 0):
 garbage-first heap   total 372736K, used 50866K [0x0000000701200000, 0x0000000800000000)
  region size 2048K, 1 young (2048K), 1 survivors (2048K)
 Metaspace       used 12538K, committed 12736K, reserved 1064960K
  class space    used 1232K, committed 1344K, reserved 1048576K
}
Event: 3.505 GC heap before
{Heap before GC invocations=7 (full 0):
 garbage-first heap   total 372736K, used 171698K [0x0000000701200000, 0x0000000800000000)
  region size 2048K, 5 young (10240K), 1 survivors (2048K)
 Metaspace       used 12546K, committed 12736K, reserved 1064960K
  class space    used 1232K, committed 1344K, reserved 1048576K
}
Event: 3.507 GC heap after
{Heap after GC invocations=8 (full 0):
 garbage-first heap   total 372736K, used 42703K [0x0000000701200000, 0x0000000800000000)
  region size 2048K, 1 young (2048K), 1 survivors (2048K)
 Metaspace       used 12546K, committed 12736K, reserved 1064960K
  class space    used 1232K, committed 1344K, reserved 1048576K
}
Event: 3.563 GC heap before
{Heap before GC invocations=8 (full 0):
 garbage-first heap   total 372736K, used 171727K [0x0000000701200000, 0x0000000800000000)
  region size 2048K, 5 young (10240K), 1 survivors (2048K)
 Metaspace       used 12556K, committed 12736K, reserved 1064960K
  class space    used 1232K, committed 1344K, reserved 1048576K
}
Event: 3.565 GC heap after
{Heap after GC invocations=9 (full 0):
 garbage-first heap   total 372736K, used 42752K [0x0000000701200000, 0x0000000800000000)
  region size 2048K, 1 young (2048K), 1 survivors (2048K)
 Metaspace       used 12556K, committed 12736K, reserved 1064960K
  class space    used 1232K, committed 1344K, reserved 1048576K
}
Event: 3.621 GC heap before
{Heap before GC invocations=9 (full 0):
 garbage-first heap   total 372736K, used 171776K [0x0000000701200000, 0x0000000800000000)
  region size 2048K, 5 young (10240K), 1 survivors (2048K)
 Metaspace       used 12565K, committed 12736K, reserved 1064960K
  class space    used 1232K, committed 1344K, reserved 1048576K
}

