# JRE version: OpenJDK Runtime Environment Temurin-17.0.5+8 (17.0.5+8) (build 17.0.5+8)
# Java VM: OpenJDK 64-Bit Server VM Temurin-17.0.5+8 (17.0.5+8, mixed mode, tiered, compressed oops, compressed class ptrs, g1 gc, windows-amd64)
GC Precious Log:
 CPUs: 6 total, 6 available
 Memory: 16304M
 Large Page Support: Disabled
 NUMA Support: Disabled
 Compressed Oops: Enabled (Zero based)
 Heap Region Size: 2M
 Heap Min Capacity: 8M
 Heap Initial Capacity: 256M
 Heap Max Capacity: 4078M
 Pre-touch: Disabled
 Parallel Workers: 6
 Concurrent Workers: 2
 Concurrent Refinement Workers: 6
 Periodic GC: Disabled
Heap:
 garbage-first heap   total 378880K, used 106367K [0x0000000701200000, 0x0000000800000000)
  region size 2048K, 9 young (18432K), 1 survivors (2048K)
 Metaspace       used 13686K, committed 13888K, reserved 1064960K
  class space    used 1356K, committed 1472K, reserved 1048576K
GC Heap History (20 events):
Event: 167.927 GC heap before
{Heap before GC invocations=7 (full 0):
 garbage-first heap   total 262144K, used 141069K [0x0000000701200000, 0x0000000800000000)
  region size 2048K, 18 young (36864K), 1 survivors (2048K)
 Metaspace       used 13457K, committed 13632K, reserved 1064960K
  class space    used 1352K, committed 1472K, reserved 1048576K
}
Event: 167.929 GC heap after
{Heap after GC invocations=8 (full 0):
 garbage-first heap   total 315392K, used 34512K [0x0000000701200000, 0x0000000800000000)
  region size 2048K, 1 young (2048K), 1 survivors (2048K)
 Metaspace       used 13457K, committed 13632K, reserved 1064960K
  class space    used 1352K, committed 1472K, reserved 1048576K
}
Event: 168.108 GC heap before
{Heap before GC invocations=8 (full 0):
 garbage-first heap   total 315392K, used 169680K [0x0000000701200000, 0x0000000800000000)
  region size 2048K, 20 young (40960K), 1 survivors (2048K)
 Metaspace       used 13469K, committed 13632K, reserved 1064960K
  class space    used 1352K, committed 1472K, reserved 1048576K
}
Event: 168.111 GC heap after
{Heap after GC invocations=9 (full 0):
 garbage-first heap   total 315392K, used 42748K [0x0000000701200000, 0x0000000800000000)
  region size 2048K, 1 young (2048K), 1 survivors (2048K)
 Metaspace       used 13469K, committed 13632K, reserved 1064960K
  class space    used 1352K, committed 1472K, reserved 1048576K
}
Event: 168.232 GC heap before
{Heap before GC invocations=9 (full 0):
 garbage-first heap   total 315392K, used 171772K [0x0000000701200000, 0x0000000800000000)
  region size 2048K, 17 young (34816K), 1 survivors (2048K)
 Metaspace       used 13479K, committed 13632K, reserved 1064960K
  class space    used 1352K, committed 1472K, reserved 1048576K
}
Event: 168.234 GC heap after
{Heap after GC invocations=10 (full 0):
 garbage-first heap   total 315392K, used 42755K [0x0000000701200000, 0x0000000800000000)
  region size 2048K, 1 young (2048K), 1 survivors (2048K)
 Metaspace       used 13479K, committed 13632K, reserved 1064960K
  class space    used 1352K, committed 1472K, reserved 1048576K
}
Event: 168.336 GC heap before
{Heap before GC invocations=10 (full 0):
 garbage-first heap   total 315392K, used 167683K [0x0000000701200000, 0x0000000800000000)
  region size 2048K, 15 young (30720K), 1 survivors (2048K)
 Metaspace       used 13490K, committed 13696K, reserved 1064960K
  class space    used 1352K, committed 1472K, reserved 1048576K
}
Event: 168.337 GC heap after
{Heap after GC invocations=11 (full 0):
 garbage-first heap   total 315392K, used 42757K [0x0000000701200000, 0x0000000800000000)
  region size 2048K, 1 young (2048K), 1 survivors (2048K)
 Metaspace       used 13490K, committed 13696K, reserved 1064960K
  class space    used 1352K, committed 1472K, reserved 1048576K
}
Event: 168.477 GC heap before
{Heap before GC invocations=11 (full 0):
 garbage-first heap   total 315392K, used 161541K [0x0000000701200000, 0x0000000800000000)
  region size 2048K, 12 young (24576K), 1 survivors (2048K)
 Metaspace       used 13516K, committed 13760K, reserved 1064960K
  class space    used 1352K, committed 1472K, reserved 1048576K
}
Event: 168.479 GC heap after
{Heap after GC invocations=12 (full 0):
 garbage-first heap   total 378880K, used 42774K [0x0000000701200000, 0x0000000800000000)
  region size 2048K, 1 young (2048K), 1 survivors (2048K)
 Metaspace       used 13516K, committed 13760K, reserved 1064960K
  class space    used 1352K, committed 1472K, reserved 1048576K
}
Event: 168.652 GC heap before
{Heap before GC invocations=12 (full 0):
 garbage-first heap   total 378880K, used 188182K [0x0000000701200000, 0x0000000800000000)
  region size 2048K, 13 young (26624K), 1 survivors (2048K)
 Metaspace       used 13541K, committed 13760K, reserved 1064960K
  class space    used 1352K, committed 1472K, reserved 1048576K
}
Event: 168.654 GC heap after
{Heap after GC invocations=13 (full 0):
 garbage-first heap   total 378880K, used 50908K [0x0000000701200000, 0x0000000800000000)
  region size 2048K, 1 young (2048K), 1 survivors (2048K)
 Metaspace       used 13541K, committed 13760K, reserved 1064960K
  class space    used 1352K, committed 1472K, reserved 1048576K
}
Event: 168.844 GC heap before
{Heap before GC invocations=13 (full 0):
 garbage-first heap   total 378880K, used 184028K [0x0000000701200000, 0x0000000800000000)
  region size 2048K, 11 young (22528K), 1 survivors (2048K)
 Metaspace       used 13548K, committed 13760K, reserved 1064960K
  class space    used 1352K, committed 1472K, reserved 1048576K
}
Event: 168.845 GC heap after
{Heap after GC invocations=14 (full 0):
 garbage-first heap   total 378880K, used 42691K [0x0000000701200000, 0x0000000800000000)
  region size 2048K, 1 young (2048K), 1 survivors (2048K)
 Metaspace       used 13548K, committed 13760K, reserved 1064960K
  class space    used 1352K, committed 1472K, reserved 1048576K
}
Event: 169.477 GC heap before
{Heap before GC invocations=14 (full 0):
 garbage-first heap   total 378880K, used 181955K [0x0000000701200000, 0x0000000800000000)
  region size 2048K, 10 young (20480K), 1 survivors (2048K)
 Metaspace       used 13555K, committed 13760K, reserved 1064960K
  class space    used 1352K, committed 1472K, reserved 1048576K
}
Event: 169.479 GC heap after
{Heap after GC invocations=15 (full 0):
 garbage-first heap   total 378880K, used 42718K [0x0000000701200000, 0x0000000800000000)
  region size 2048K, 1 young (2048K), 1 survivors (2048K)
 Metaspace       used 13555K, committed 13760K, reserved 1064960K
  class space    used 1352K, committed 1472K, reserved 1048576K
}
Event: 170.553 GC heap before
{Heap before GC invocations=15 (full 0):
 garbage-first heap   total 378880K, used 181982K [0x0000000701200000, 0x0000000800000000)
  region size 2048K, 10 young (20480K), 1 survivors (2048K)
 Metaspace       used 13565K, committed 13760K, reserved 1064960K
  class space    used 1352K, committed 1472K, reserved 1048576K
}
Event: 170.554 GC heap after
{Heap after GC invocations=16 (full 0):
 garbage-first heap   total 378880K, used 42908K [0x0000000701200000, 0x0000000800000000)
  region size 2048K, 1 young (2048K), 1 survivors (2048K)
 Metaspace       used 13565K, committed 13760K, reserved 1064960K
  class space    used 1352K, committed 1472K, reserved 1048576K
}
Event: 170.710 GC heap before
{Heap before GC invocations=16 (full 0):
 garbage-first heap   total 378880K, used 182172K [0x0000000701200000, 0x0000000800000000)
  region size 2048K, 10 young (20480K), 1 survivors (2048K)
 Metaspace       used 13571K, committed 13760K, reserved 1064960K
  class space    used 1352K, committed 1472K, reserved 1048576K
}
Event: 170.711 GC heap after
{Heap after GC invocations=17 (full 0):
 garbage-first heap   total 378880K, used 42879K [0x0000000701200000, 0x0000000800000000)
  region size 2048K, 1 young (2048K), 1 survivors (2048K)
 Metaspace       used 13571K, committed 13760K, reserved 1064960K
  class space    used 1352K, committed 1472K, reserved 1048576K
}

