# JRE version: OpenJDK Runtime Environment Temurin-17.0.5+8 (17.0.5+8) (build 17.0.5+8)
# Java VM: OpenJDK 64-Bit Server VM Temurin-17.0.5+8 (17.0.5+8, mixed mode, tiered, compressed oops, compressed class ptrs, g1 gc, windows-amd64)
GC Precious Log:
 CPUs: 6 total, 6 available
 Memory: 16304M
 Large Page Support: Disabled
 NUMA Support: Disabled
 Compressed Oops: Enabled (Zero based)
 Heap Region Size: 2M
 Heap Min Capacity: 8M
 Heap Initial Capacity: 256M
 Heap Max Capacity: 4078M
 Pre-touch: Disabled
 Parallel Workers: 6
 Concurrent Workers: 2
 Concurrent Refinement Workers: 6
 Periodic GC: Disabled
Heap:
 garbage-first heap   total 262144K, used 34467K [0x0000000701200000, 0x0000000800000000)
  region size 2048K, 1 young (2048K), 1 survivors (2048K)
 Metaspace       used 12501K, committed 12672K, reserved 1064960K
  class space    used 1229K, committed 1344K, reserved 1048576K
GC Heap History (11 events):
Event: 3.235 GC heap before
{Heap before GC invocations=0 (full 0):
 garbage-first heap   total 262144K, used 118784K [0x0000000701200000, 0x0000000800000000)
  region size 2048K, 10 young (20480K), 0 survivors (0K)
 Metaspace       used 12469K, committed 12672K, reserved 1064960K
  class space    used 1229K, committed 1344K, reserved 1048576K
}
Event: 3.238 GC heap after
{Heap after GC invocations=1 (full 0):
 garbage-first heap   total 262144K, used 50820K [0x0000000701200000, 0x0000000800000000)
  region size 2048K, 1 young (2048K), 1 survivors (2048K)
 Metaspace       used 12469K, committed 12672K, reserved 1064960K
  class space    used 1229K, committed 1344K, reserved 1048576K
}
Event: 3.280 GC heap before
{Heap before GC invocations=1 (full 0):
 garbage-first heap   total 262144K, used 116356K [0x0000000701200000, 0x0000000800000000)
  region size 2048K, 6 young (12288K), 1 survivors (2048K)
 Metaspace       used 12471K, committed 12672K, reserved 1064960K
  class space    used 1229K, committed 1344K, reserved 1048576K
}
Event: 3.282 GC heap after
{Heap after GC invocations=2 (full 0):
 garbage-first heap   total 262144K, used 34467K [0x0000000701200000, 0x0000000800000000)
  region size 2048K, 1 young (2048K), 1 survivors (2048K)
 Metaspace       used 12471K, committed 12672K, reserved 1064960K
  class space    used 1229K, committed 1344K, reserved 1048576K
}
Event: 3.323 GC heap before
{Heap before GC invocations=2 (full 0):
 garbage-first heap   total 262144K, used 120483K [0x0000000701200000, 0x0000000800000000)
  region size 2048K, 8 young (16384K), 1 survivors (2048K)
 Metaspace       used 12475K, committed 12672K, reserved 1064960K
  class space    used 1229K, committed 1344K, reserved 1048576K
}
Event: 3.325 GC heap after
{Heap after GC invocations=3 (full 0):
 garbage-first heap   total 262144K, used 34498K [0x0000000701200000, 0x0000000800000000)
  region size 2048K, 1 young (2048K), 1 survivors (2048K)
 Metaspace       used 12475K, committed 12672K, reserved 1064960K
  class space    used 1229K, committed 1344K, reserved 1048576K
}
Event: 3.367 GC heap before
{Heap before GC invocations=3 (full 0):
 garbage-first heap   total 262144K, used 120514K [0x0000000701200000, 0x0000000800000000)
  region size 2048K, 8 young (16384K), 1 survivors (2048K)
 Metaspace       used 12480K, committed 12672K, reserved 1064960K
  class space    used 1229K, committed 1344K, reserved 1048576K
}
Event: 3.368 GC heap after
{Heap after GC invocations=4 (full 0):
 garbage-first heap   total 262144K, used 34442K [0x0000000701200000, 0x0000000800000000)
  region size 2048K, 1 young (2048K), 1 survivors (2048K)
 Metaspace       used 12480K, committed 12672K, reserved 1064960K
  class space    used 1229K, committed 1344K, reserved 1048576K
}
Event: 3.409 GC heap before
{Heap before GC invocations=4 (full 0):
 garbage-first heap   total 262144K, used 120458K [0x0000000701200000, 0x0000000800000000)
  region size 2048K, 8 young (16384K), 1 survivors (2048K)
 Metaspace       used 12487K, committed 12672K, reserved 1064960K
  class space    used 1229K, committed 1344K, reserved 1048576K
}
Event: 3.411 GC heap after
{Heap after GC invocations=5 (full 0):
 garbage-first heap   total 262144K, used 34470K [0x0000000701200000, 0x0000000800000000)
  region size 2048K, 1 young (2048K), 1 survivors (2048K)
 Metaspace       used 12487K, committed 12672K, reserved 1064960K
  class space    used 1229K, committed 1344K, reserved 1048576K
}
Event: 3.452 GC heap before
{Heap before GC invocations=5 (full 0):
 garbage-first heap   total 262144K, used 122534K [0x0000000701200000, 0x0000000800000000)
  region size 2048K, 9 young (18432K), 1 survivors (2048K)
 Metaspace       used 12501K, committed 12672K, reserved 1064960K
  class space    used 1229K, committed 1344K, reserved 1048576K
}

