# JRE version: OpenJDK Runtime Environment Temurin-17.0.5+8 (17.0.5+8) (build 17.0.5+8)
# Java VM: OpenJDK 64-Bit Server VM Temurin-17.0.5+8 (17.0.5+8, mixed mode, tiered, compressed oops, compressed class ptrs, g1 gc, windows-amd64)
GC Precious Log:
 CPUs: 6 total, 6 available
 Memory: 16304M
 Large Page Support: Disabled
 NUMA Support: Disabled
 Compressed Oops: Enabled (Zero based)
 Heap Region Size: 2M
 Heap Min Capacity: 8M
 Heap Initial Capacity: 256M
 Heap Max Capacity: 4078M
 Pre-touch: Disabled
 Parallel Workers: 6
 Concurrent Workers: 2
 Concurrent Refinement Workers: 6
 Periodic GC: Disabled
Heap:
 garbage-first heap   total 315392K, used 69472K [0x0000000701200000, 0x0000000800000000)
  region size 2048K, 7 young (14336K), 1 survivors (2048K)
 Metaspace       used 13606K, committed 13824K, reserved 1064960K
  class space    used 1342K, committed 1472K, reserved 1048576K
GC Heap History (20 events):
Event: 5.720 GC heap before
{Heap before GC invocations=15 (full 0):
 garbage-first heap   total 315392K, used 175839K [0x0000000701200000, 0x0000000800000000)
  region size 2048K, 19 young (38912K), 1 survivors (2048K)
 Metaspace       used 13424K, committed 13696K, reserved 1064960K
  class space    used 1340K, committed 1472K, reserved 1048576K
}
Event: 5.721 GC heap after
{Heap after GC invocations=16 (full 0):
 garbage-first heap   total 315392K, used 42849K [0x0000000701200000, 0x0000000800000000)
  region size 2048K, 1 young (2048K), 1 survivors (2048K)
 Metaspace       used 13424K, committed 13696K, reserved 1064960K
  class space    used 1340K, committed 1472K, reserved 1048576K
}
Event: 5.848 GC heap before
{Heap before GC invocations=16 (full 0):
 garbage-first heap   total 315392K, used 173921K [0x0000000701200000, 0x0000000800000000)
  region size 2048K, 18 young (36864K), 1 survivors (2048K)
 Metaspace       used 13430K, committed 13696K, reserved 1064960K
  class space    used 1340K, committed 1472K, reserved 1048576K
}
Event: 5.849 GC heap after
{Heap after GC invocations=17 (full 0):
 garbage-first heap   total 315392K, used 42837K [0x0000000701200000, 0x0000000800000000)
  region size 2048K, 1 young (2048K), 1 survivors (2048K)
 Metaspace       used 13430K, committed 13696K, reserved 1064960K
  class space    used 1340K, committed 1472K, reserved 1048576K
}
Event: 5.985 GC heap before
{Heap before GC invocations=17 (full 0):
 garbage-first heap   total 315392K, used 173909K [0x0000000701200000, 0x0000000800000000)
  region size 2048K, 18 young (36864K), 1 survivors (2048K)
 Metaspace       used 13443K, committed 13696K, reserved 1064960K
  class space    used 1340K, committed 1472K, reserved 1048576K
}
Event: 5.986 GC heap after
{Heap after GC invocations=18 (full 0):
 garbage-first heap   total 315392K, used 42820K [0x0000000701200000, 0x0000000800000000)
  region size 2048K, 1 young (2048K), 1 survivors (2048K)
 Metaspace       used 13443K, committed 13696K, reserved 1064960K
  class space    used 1340K, committed 1472K, reserved 1048576K
}
Event: 6.110 GC heap before
{Heap before GC invocations=18 (full 0):
 garbage-first heap   total 315392K, used 155460K [0x0000000701200000, 0x0000000800000000)
  region size 2048K, 9 young (18432K), 1 survivors (2048K)
 Metaspace       used 13445K, committed 13696K, reserved 1064960K
  class space    used 1340K, committed 1472K, reserved 1048576K
}
Event: 6.110 GC heap after
{Heap after GC invocations=19 (full 0):
 garbage-first heap   total 315392K, used 42817K [0x0000000701200000, 0x0000000800000000)
  region size 2048K, 1 young (2048K), 1 survivors (2048K)
 Metaspace       used 13445K, committed 13696K, reserved 1064960K
  class space    used 1340K, committed 1472K, reserved 1048576K
}
Event: 6.303 GC heap before
{Heap before GC invocations=19 (full 0):
 garbage-first heap   total 315392K, used 141121K [0x0000000701200000, 0x0000000800000000)
  region size 2048K, 2 young (4096K), 1 survivors (2048K)
 Metaspace       used 13461K, committed 13696K, reserved 1064960K
  class space    used 1340K, committed 1472K, reserved 1048576K
}
Event: 6.304 GC heap after
{Heap after GC invocations=20 (full 0):
 garbage-first heap   total 315392K, used 42825K [0x0000000701200000, 0x0000000800000000)
  region size 2048K, 1 young (2048K), 1 survivors (2048K)
 Metaspace       used 13461K, committed 13696K, reserved 1064960K
  class space    used 1340K, committed 1472K, reserved 1048576K
}
Event: 6.910 GC heap before
{Heap before GC invocations=20 (full 0):
 garbage-first heap   total 315392K, used 143177K [0x0000000701200000, 0x0000000800000000)
  region size 2048K, 3 young (6144K), 1 survivors (2048K)
 Metaspace       used 13481K, committed 13760K, reserved 1064960K
  class space    used 1340K, committed 1472K, reserved 1048576K
}
Event: 6.910 GC heap after
{Heap after GC invocations=21 (full 0):
 garbage-first heap   total 315392K, used 42832K [0x0000000701200000, 0x0000000800000000)
  region size 2048K, 1 young (2048K), 1 survivors (2048K)
 Metaspace       used 13481K, committed 13760K, reserved 1064960K
  class space    used 1340K, committed 1472K, reserved 1048576K
}
Event: 7.036 GC heap before
{Heap before GC invocations=21 (full 0):
 garbage-first heap   total 315392K, used 165712K [0x0000000701200000, 0x0000000800000000)
  region size 2048K, 14 young (28672K), 1 survivors (2048K)
 Metaspace       used 13486K, committed 13760K, reserved 1064960K
  class space    used 1340K, committed 1472K, reserved 1048576K
}
Event: 7.036 GC heap after
{Heap after GC invocations=22 (full 0):
 garbage-first heap   total 315392K, used 42834K [0x0000000701200000, 0x0000000800000000)
  region size 2048K, 1 young (2048K), 1 survivors (2048K)
 Metaspace       used 13486K, committed 13760K, reserved 1064960K
  class space    used 1340K, committed 1472K, reserved 1048576K
}
Event: 7.178 GC heap before
{Heap before GC invocations=22 (full 0):
 garbage-first heap   total 315392K, used 175954K [0x0000000701200000, 0x0000000800000000)
  region size 2048K, 19 young (38912K), 1 survivors (2048K)
 Metaspace       used 13493K, committed 13760K, reserved 1064960K
  class space    used 1340K, committed 1472K, reserved 1048576K
}
Event: 7.178 GC heap after
{Heap after GC invocations=23 (full 0):
 garbage-first heap   total 315392K, used 42845K [0x0000000701200000, 0x0000000800000000)
  region size 2048K, 1 young (2048K), 1 survivors (2048K)
 Metaspace       used 13493K, committed 13760K, reserved 1064960K
  class space    used 1340K, committed 1472K, reserved 1048576K
}
Event: 7.305 GC heap before
{Heap before GC invocations=23 (full 0):
 garbage-first heap   total 315392K, used 178013K [0x0000000701200000, 0x0000000800000000)
  region size 2048K, 20 young (40960K), 1 survivors (2048K)
 Metaspace       used 13502K, committed 13760K, reserved 1064960K
  class space    used 1340K, committed 1472K, reserved 1048576K
}
Event: 7.306 GC heap after
{Heap after GC invocations=24 (full 0):
 garbage-first heap   total 315392K, used 42849K [0x0000000701200000, 0x0000000800000000)
  region size 2048K, 1 young (2048K), 1 survivors (2048K)
 Metaspace       used 13502K, committed 13760K, reserved 1064960K
  class space    used 1340K, committed 1472K, reserved 1048576K
}
Event: 7.430 GC heap before
{Heap before GC invocations=24 (full 0):
 garbage-first heap   total 315392K, used 165729K [0x0000000701200000, 0x0000000800000000)
  region size 2048K, 14 young (28672K), 1 survivors (2048K)
 Metaspace       used 13508K, committed 13760K, reserved 1064960K
  class space    used 1340K, committed 1472K, reserved 1048576K
}
Event: 7.430 GC heap after
{Heap after GC invocations=25 (full 0):
 garbage-first heap   total 315392K, used 42848K [0x0000000701200000, 0x0000000800000000)
  region size 2048K, 1 young (2048K), 1 survivors (2048K)
 Metaspace       used 13508K, committed 13760K, reserved 1064960K
  class space    used 1340K, committed 1472K, reserved 1048576K
}

