# JRE version: OpenJDK Runtime Environment Temurin-17.0.5+8 (17.0.5+8) (build 17.0.5+8)
# Java VM: OpenJDK 64-Bit Server VM Temurin-17.0.5+8 (17.0.5+8, mixed mode, tiered, compressed oops, compressed class ptrs, g1 gc, windows-amd64)
GC Precious Log:
 CPUs: 6 total, 6 available
 Memory: 16304M
 Large Page Support: Disabled
 NUMA Support: Disabled
 Compressed Oops: Enabled (Zero based)
 Heap Region Size: 2M
 Heap Min Capacity: 8M
 Heap Initial Capacity: 256M
 Heap Max Capacity: 4078M
 Pre-touch: Disabled
 Parallel Workers: 6
 Concurrent Workers: 2
 Concurrent Refinement Workers: 6
 Periodic GC: Disabled
Heap:
 garbage-first heap   total 335872K, used 42770K [0x0000000701200000, 0x0000000800000000)
  region size 2048K, 1 young (2048K), 1 survivors (2048K)
 Metaspace       used 13457K, committed 13696K, reserved 1064960K
  class space    used 1331K, committed 1472K, reserved 1048576K
GC Heap History (19 events):
Event: 2.556 GC heap before
{Heap before GC invocations=0 (full 0):
 garbage-first heap   total 262144K, used 122880K [0x0000000701200000, 0x0000000800000000)
  region size 2048K, 9 young (18432K), 0 survivors (0K)
 Metaspace       used 13299K, committed 13568K, reserved 1064960K
  class space    used 1331K, committed 1472K, reserved 1048576K
}
Event: 2.558 GC heap after
{Heap after GC invocations=1 (full 0):
 garbage-first heap   total 262144K, used 42747K [0x0000000701200000, 0x0000000800000000)
  region size 2048K, 1 young (2048K), 1 survivors (2048K)
 Metaspace       used 13299K, committed 13568K, reserved 1064960K
  class space    used 1331K, committed 1472K, reserved 1048576K
}
Event: 2.660 GC heap before
{Heap before GC invocations=1 (full 0):
 garbage-first heap   total 262144K, used 118523K [0x0000000701200000, 0x0000000800000000)
  region size 2048K, 3 young (6144K), 1 survivors (2048K)
 Metaspace       used 13316K, committed 13568K, reserved 1064960K
  class space    used 1331K, committed 1472K, reserved 1048576K
}
Event: 2.664 GC heap after
{Heap after GC invocations=2 (full 0):
 garbage-first heap   total 262144K, used 34559K [0x0000000701200000, 0x0000000800000000)
  region size 2048K, 1 young (2048K), 1 survivors (2048K)
 Metaspace       used 13316K, committed 13568K, reserved 1064960K
  class space    used 1331K, committed 1472K, reserved 1048576K
}
Event: 2.794 GC heap before
{Heap before GC invocations=2 (full 0):
 garbage-first heap   total 262144K, used 110335K [0x0000000701200000, 0x0000000800000000)
  region size 2048K, 3 young (6144K), 1 survivors (2048K)
 Metaspace       used 13348K, committed 13632K, reserved 1064960K
  class space    used 1331K, committed 1472K, reserved 1048576K
}
Event: 2.795 GC heap after
{Heap after GC invocations=3 (full 0):
 garbage-first heap   total 262144K, used 34568K [0x0000000701200000, 0x0000000800000000)
  region size 2048K, 1 young (2048K), 1 survivors (2048K)
 Metaspace       used 13348K, committed 13632K, reserved 1064960K
  class space    used 1331K, committed 1472K, reserved 1048576K
}
Event: 2.865 GC heap before
{Heap before GC invocations=3 (full 0):
 garbage-first heap   total 262144K, used 110344K [0x0000000701200000, 0x0000000800000000)
  region size 2048K, 3 young (6144K), 1 survivors (2048K)
 Metaspace       used 13377K, committed 13632K, reserved 1064960K
  class space    used 1331K, committed 1472K, reserved 1048576K
}
Event: 2.867 GC heap after
{Heap after GC invocations=4 (full 0):
 garbage-first heap   total 262144K, used 34603K [0x0000000701200000, 0x0000000800000000)
  region size 2048K, 1 young (2048K), 1 survivors (2048K)
 Metaspace       used 13377K, committed 13632K, reserved 1064960K
  class space    used 1331K, committed 1472K, reserved 1048576K
}
Event: 2.896 GC heap before
{Heap before GC invocations=4 (full 0):
 garbage-first heap   total 262144K, used 110379K [0x0000000701200000, 0x0000000800000000)
  region size 2048K, 3 young (6144K), 1 survivors (2048K)
 Metaspace       used 13389K, committed 13632K, reserved 1064960K
  class space    used 1331K, committed 1472K, reserved 1048576K
}
Event: 2.898 GC heap after
{Heap after GC invocations=5 (full 0):
 garbage-first heap   total 262144K, used 34548K [0x0000000701200000, 0x0000000800000000)
  region size 2048K, 1 young (2048K), 1 survivors (2048K)
 Metaspace       used 13389K, committed 13632K, reserved 1064960K
  class space    used 1331K, committed 1472K, reserved 1048576K
}
Event: 2.928 GC heap before
{Heap before GC invocations=5 (full 0):
 garbage-first heap   total 262144K, used 110324K [0x0000000701200000, 0x0000000800000000)
  region size 2048K, 3 young (6144K), 1 survivors (2048K)
 Metaspace       used 13407K, committed 13696K, reserved 1064960K
  class space    used 1331K, committed 1472K, reserved 1048576K
}
Event: 2.929 GC heap after
{Heap after GC invocations=6 (full 0):
 garbage-first heap   total 335872K, used 34561K [0x0000000701200000, 0x0000000800000000)
  region size 2048K, 1 young (2048K), 1 survivors (2048K)
 Metaspace       used 13407K, committed 13696K, reserved 1064960K
  class space    used 1331K, committed 1472K, reserved 1048576K
}
Event: 2.991 GC heap before
{Heap before GC invocations=6 (full 0):
 garbage-first heap   total 335872K, used 151297K [0x0000000701200000, 0x0000000800000000)
  region size 2048K, 3 young (6144K), 1 survivors (2048K)
 Metaspace       used 13420K, committed 13696K, reserved 1064960K
  class space    used 1331K, committed 1472K, reserved 1048576K
}
Event: 2.993 GC heap after
{Heap after GC invocations=7 (full 0):
 garbage-first heap   total 335872K, used 42706K [0x0000000701200000, 0x0000000800000000)
  region size 2048K, 1 young (2048K), 1 survivors (2048K)
 Metaspace       used 13420K, committed 13696K, reserved 1064960K
  class space    used 1331K, committed 1472K, reserved 1048576K
}
Event: 3.131 GC heap before
{Heap before GC invocations=7 (full 0):
 garbage-first heap   total 335872K, used 151250K [0x0000000701200000, 0x0000000800000000)
  region size 2048K, 3 young (6144K), 1 survivors (2048K)
 Metaspace       used 13437K, committed 13696K, reserved 1064960K
  class space    used 1331K, committed 1472K, reserved 1048576K
}
Event: 3.133 GC heap after
{Heap after GC invocations=8 (full 0):
 garbage-first heap   total 335872K, used 42811K [0x0000000701200000, 0x0000000800000000)
  region size 2048K, 1 young (2048K), 1 survivors (2048K)
 Metaspace       used 13437K, committed 13696K, reserved 1064960K
  class space    used 1331K, committed 1472K, reserved 1048576K
}
Event: 3.175 GC heap before
{Heap before GC invocations=8 (full 0):
 garbage-first heap   total 335872K, used 143163K [0x0000000701200000, 0x0000000800000000)
  region size 2048K, 3 young (6144K), 1 survivors (2048K)
 Metaspace       used 13448K, committed 13696K, reserved 1064960K
  class space    used 1331K, committed 1472K, reserved 1048576K
}
Event: 3.177 GC heap after
{Heap after GC invocations=9 (full 0):
 garbage-first heap   total 335872K, used 42716K [0x0000000701200000, 0x0000000800000000)
  region size 2048K, 1 young (2048K), 1 survivors (2048K)
 Metaspace       used 13448K, committed 13696K, reserved 1064960K
  class space    used 1331K, committed 1472K, reserved 1048576K
}
Event: 3.219 GC heap before
{Heap before GC invocations=9 (full 0):
 garbage-first heap   total 335872K, used 143068K [0x0000000701200000, 0x0000000800000000)
  region size 2048K, 3 young (6144K), 1 survivors (2048K)
 Metaspace       used 13457K, committed 13696K, reserved 1064960K
  class space    used 1331K, committed 1472K, reserved 1048576K
}

